{"/home/iza/fullcycle/06-ddd/ddd-factory/src/domain/@shared/event/event-dispatcher.ts": {"path":"/home/iza/fullcycle/06-ddd/ddd-factory/src/domain/@shared/event/event-dispatcher.ts","all":false,"statementMap":{"0":{"start":{"line":1,"column":0},"end":{"line":1,"column":68}},"1":{"start":{"line":2,"column":0},"end":{"line":2,"column":62}},"2":{"start":{"line":3,"column":0},"end":{"line":3,"column":62}},"3":{"start":{"line":4,"column":0},"end":{"line":4,"column":47}},"4":{"start":{"line":5,"column":0},"end":{"line":5,"column":0}},"5":{"start":{"line":6,"column":0},"end":{"line":6,"column":74}},"6":{"start":{"line":7,"column":0},"end":{"line":7,"column":0}},"7":{"start":{"line":8,"column":0},"end":{"line":8,"column":81}},"8":{"start":{"line":9,"column":0},"end":{"line":9,"column":0}},"9":{"start":{"line":10,"column":0},"end":{"line":10,"column":78}},"10":{"start":{"line":11,"column":0},"end":{"line":11,"column":34}},"11":{"start":{"line":12,"column":0},"end":{"line":12,"column":5}},"12":{"start":{"line":13,"column":0},"end":{"line":13,"column":0}},"13":{"start":{"line":14,"column":0},"end":{"line":14,"column":92}},"14":{"start":{"line":15,"column":0},"end":{"line":15,"column":0}},"15":{"start":{"line":16,"column":0},"end":{"line":16,"column":45}},"16":{"start":{"line":17,"column":0},"end":{"line":17,"column":47}},"17":{"start":{"line":18,"column":0},"end":{"line":18,"column":9}},"18":{"start":{"line":19,"column":0},"end":{"line":19,"column":0}},"19":{"start":{"line":20,"column":0},"end":{"line":20,"column":57}},"20":{"start":{"line":21,"column":0},"end":{"line":21,"column":0}},"21":{"start":{"line":22,"column":0},"end":{"line":22,"column":5}},"22":{"start":{"line":23,"column":0},"end":{"line":23,"column":0}},"23":{"start":{"line":24,"column":0},"end":{"line":24,"column":94}},"24":{"start":{"line":25,"column":0},"end":{"line":25,"column":44}},"25":{"start":{"line":26,"column":0},"end":{"line":26,"column":78}},"26":{"start":{"line":27,"column":0},"end":{"line":27,"column":31}},"27":{"start":{"line":28,"column":0},"end":{"line":28,"column":63}},"28":{"start":{"line":29,"column":0},"end":{"line":29,"column":13}},"29":{"start":{"line":30,"column":0},"end":{"line":30,"column":9}},"30":{"start":{"line":31,"column":0},"end":{"line":31,"column":5}},"31":{"start":{"line":32,"column":0},"end":{"line":32,"column":0}},"32":{"start":{"line":33,"column":0},"end":{"line":33,"column":27}},"33":{"start":{"line":34,"column":0},"end":{"line":34,"column":32}},"34":{"start":{"line":35,"column":0},"end":{"line":35,"column":5}},"35":{"start":{"line":36,"column":0},"end":{"line":36,"column":0}},"36":{"start":{"line":37,"column":0},"end":{"line":37,"column":41}},"37":{"start":{"line":38,"column":0},"end":{"line":38,"column":0}},"38":{"start":{"line":39,"column":0},"end":{"line":39,"column":35}},"39":{"start":{"line":40,"column":0},"end":{"line":40,"column":49}},"40":{"start":{"line":41,"column":0},"end":{"line":41,"column":0}},"41":{"start":{"line":42,"column":0},"end":{"line":42,"column":101}},"42":{"start":{"line":43,"column":0},"end":{"line":43,"column":44}},"43":{"start":{"line":44,"column":0},"end":{"line":44,"column":69}},"44":{"start":{"line":45,"column":0},"end":{"line":45,"column":43}},"45":{"start":{"line":46,"column":0},"end":{"line":46,"column":15}},"46":{"start":{"line":47,"column":0},"end":{"line":47,"column":9}},"47":{"start":{"line":48,"column":0},"end":{"line":48,"column":5}},"48":{"start":{"line":49,"column":0},"end":{"line":49,"column":0}},"49":{"start":{"line":50,"column":0},"end":{"line":50,"column":1}}},"s":{"0":1,"1":1,"2":1,"3":1,"4":1,"5":1,"6":1,"7":1,"8":1,"9":1,"10":40,"11":40,"12":1,"13":1,"14":18,"15":18,"16":13,"17":13,"18":18,"19":18,"20":18,"21":18,"22":1,"23":1,"24":4,"25":4,"26":4,"27":4,"28":4,"29":4,"30":4,"31":1,"32":1,"33":3,"34":3,"35":1,"36":1,"37":3,"38":3,"39":3,"40":3,"41":3,"42":3,"43":3,"44":4,"45":3,"46":3,"47":3,"48":1,"49":1},"branchMap":{"0":{"type":"branch","line":8,"loc":{"start":{"line":8,"column":12},"end":{"line":8,"column":80}},"locations":[{"start":{"line":8,"column":12},"end":{"line":8,"column":80}}]},"1":{"type":"branch","line":10,"loc":{"start":{"line":10,"column":4},"end":{"line":12,"column":5}},"locations":[{"start":{"line":10,"column":4},"end":{"line":12,"column":5}}]},"2":{"type":"branch","line":14,"loc":{"start":{"line":14,"column":4},"end":{"line":22,"column":5}},"locations":[{"start":{"line":14,"column":4},"end":{"line":22,"column":5}}]},"3":{"type":"branch","line":16,"loc":{"start":{"line":16,"column":44},"end":{"line":18,"column":9}},"locations":[{"start":{"line":16,"column":44},"end":{"line":18,"column":9}}]},"4":{"type":"branch","line":24,"loc":{"start":{"line":24,"column":4},"end":{"line":31,"column":5}},"locations":[{"start":{"line":24,"column":4},"end":{"line":31,"column":5}}]},"5":{"type":"branch","line":33,"loc":{"start":{"line":33,"column":4},"end":{"line":35,"column":5}},"locations":[{"start":{"line":33,"column":4},"end":{"line":35,"column":5}}]},"6":{"type":"branch","line":37,"loc":{"start":{"line":37,"column":4},"end":{"line":48,"column":5}},"locations":[{"start":{"line":37,"column":4},"end":{"line":48,"column":5}}]},"7":{"type":"branch","line":44,"loc":{"start":{"line":44,"column":50},"end":{"line":46,"column":14}},"locations":[{"start":{"line":44,"column":50},"end":{"line":46,"column":14}}]}},"b":{"0":[13],"1":[40],"2":[18],"3":[13],"4":[4],"5":[3],"6":[3],"7":[4]},"fnMap":{"0":{"name":"<instance_members_initializer>","decl":{"start":{"line":8,"column":12},"end":{"line":8,"column":80}},"loc":{"start":{"line":8,"column":12},"end":{"line":8,"column":80}},"line":8},"1":{"name":"get getEventHandlers","decl":{"start":{"line":10,"column":4},"end":{"line":12,"column":5}},"loc":{"start":{"line":10,"column":4},"end":{"line":12,"column":5}},"line":10},"2":{"name":"register","decl":{"start":{"line":14,"column":4},"end":{"line":22,"column":5}},"loc":{"start":{"line":14,"column":4},"end":{"line":22,"column":5}},"line":14},"3":{"name":"unregister","decl":{"start":{"line":24,"column":4},"end":{"line":31,"column":5}},"loc":{"start":{"line":24,"column":4},"end":{"line":31,"column":5}},"line":24},"4":{"name":"unregisterAll","decl":{"start":{"line":33,"column":4},"end":{"line":35,"column":5}},"loc":{"start":{"line":33,"column":4},"end":{"line":35,"column":5}},"line":33},"5":{"name":"notify","decl":{"start":{"line":37,"column":4},"end":{"line":48,"column":5}},"loc":{"start":{"line":37,"column":4},"end":{"line":48,"column":5}},"line":37}},"f":{"0":13,"1":40,"2":18,"3":4,"4":3,"5":3}}
,"/home/iza/fullcycle/06-ddd/ddd-factory/src/domain/checkout/entity/order-item.ts": {"path":"/home/iza/fullcycle/06-ddd/ddd-factory/src/domain/checkout/entity/order-item.ts","all":false,"statementMap":{"0":{"start":{"line":1,"column":0},"end":{"line":1,"column":32}},"1":{"start":{"line":2,"column":0},"end":{"line":2,"column":0}},"2":{"start":{"line":3,"column":0},"end":{"line":3,"column":24}},"3":{"start":{"line":4,"column":0},"end":{"line":4,"column":26}},"4":{"start":{"line":5,"column":0},"end":{"line":5,"column":27}},"5":{"start":{"line":6,"column":0},"end":{"line":6,"column":30}},"6":{"start":{"line":7,"column":0},"end":{"line":7,"column":31}},"7":{"start":{"line":8,"column":0},"end":{"line":8,"column":34}},"8":{"start":{"line":9,"column":0},"end":{"line":9,"column":0}},"9":{"start":{"line":10,"column":0},"end":{"line":10,"column":95}},"10":{"start":{"line":11,"column":0},"end":{"line":11,"column":22}},"11":{"start":{"line":12,"column":0},"end":{"line":12,"column":26}},"12":{"start":{"line":13,"column":0},"end":{"line":13,"column":28}},"13":{"start":{"line":14,"column":0},"end":{"line":14,"column":36}},"14":{"start":{"line":15,"column":0},"end":{"line":15,"column":34}},"15":{"start":{"line":16,"column":0},"end":{"line":16,"column":5}},"16":{"start":{"line":17,"column":0},"end":{"line":17,"column":0}},"17":{"start":{"line":18,"column":0},"end":{"line":18,"column":25}},"18":{"start":{"line":19,"column":0},"end":{"line":19,"column":44}},"19":{"start":{"line":20,"column":0},"end":{"line":20,"column":5}},"20":{"start":{"line":21,"column":0},"end":{"line":21,"column":0}},"21":{"start":{"line":22,"column":0},"end":{"line":22,"column":28}},"22":{"start":{"line":23,"column":0},"end":{"line":23,"column":30}},"23":{"start":{"line":24,"column":0},"end":{"line":24,"column":5}},"24":{"start":{"line":25,"column":0},"end":{"line":25,"column":0}},"25":{"start":{"line":26,"column":0},"end":{"line":26,"column":22}},"26":{"start":{"line":27,"column":0},"end":{"line":27,"column":24}},"27":{"start":{"line":28,"column":0},"end":{"line":28,"column":5}},"28":{"start":{"line":29,"column":0},"end":{"line":29,"column":0}},"29":{"start":{"line":30,"column":0},"end":{"line":30,"column":24}},"30":{"start":{"line":31,"column":0},"end":{"line":31,"column":26}},"31":{"start":{"line":32,"column":0},"end":{"line":32,"column":5}},"32":{"start":{"line":33,"column":0},"end":{"line":33,"column":0}},"33":{"start":{"line":34,"column":0},"end":{"line":34,"column":29}},"34":{"start":{"line":35,"column":0},"end":{"line":35,"column":31}},"35":{"start":{"line":36,"column":0},"end":{"line":36,"column":5}},"36":{"start":{"line":37,"column":0},"end":{"line":37,"column":1}}},"s":{"0":1,"1":1,"2":1,"3":1,"4":1,"5":1,"6":1,"7":1,"8":1,"9":1,"10":20,"11":20,"12":20,"13":20,"14":20,"15":20,"16":1,"17":1,"18":27,"19":27,"20":1,"21":1,"22":30,"23":30,"24":1,"25":1,"26":10,"27":10,"28":1,"29":1,"30":10,"31":10,"32":1,"33":1,"34":9,"35":9,"36":1},"branchMap":{"0":{"type":"branch","line":10,"loc":{"start":{"line":10,"column":4},"end":{"line":16,"column":5}},"locations":[{"start":{"line":10,"column":4},"end":{"line":16,"column":5}}]},"1":{"type":"branch","line":18,"loc":{"start":{"line":18,"column":4},"end":{"line":20,"column":5}},"locations":[{"start":{"line":18,"column":4},"end":{"line":20,"column":5}}]},"2":{"type":"branch","line":22,"loc":{"start":{"line":22,"column":4},"end":{"line":24,"column":5}},"locations":[{"start":{"line":22,"column":4},"end":{"line":24,"column":5}}]},"3":{"type":"branch","line":26,"loc":{"start":{"line":26,"column":4},"end":{"line":28,"column":5}},"locations":[{"start":{"line":26,"column":4},"end":{"line":28,"column":5}}]},"4":{"type":"branch","line":30,"loc":{"start":{"line":30,"column":4},"end":{"line":32,"column":5}},"locations":[{"start":{"line":30,"column":4},"end":{"line":32,"column":5}}]},"5":{"type":"branch","line":34,"loc":{"start":{"line":34,"column":4},"end":{"line":36,"column":5}},"locations":[{"start":{"line":34,"column":4},"end":{"line":36,"column":5}}]}},"b":{"0":[20],"1":[27],"2":[30],"3":[10],"4":[10],"5":[9]},"fnMap":{"0":{"name":"OrderItem","decl":{"start":{"line":10,"column":4},"end":{"line":16,"column":5}},"loc":{"start":{"line":10,"column":4},"end":{"line":16,"column":5}},"line":10},"1":{"name":"get price","decl":{"start":{"line":18,"column":4},"end":{"line":20,"column":5}},"loc":{"start":{"line":18,"column":4},"end":{"line":20,"column":5}},"line":18},"2":{"name":"get quantity","decl":{"start":{"line":22,"column":4},"end":{"line":24,"column":5}},"loc":{"start":{"line":22,"column":4},"end":{"line":24,"column":5}},"line":22},"3":{"name":"get id","decl":{"start":{"line":26,"column":4},"end":{"line":28,"column":5}},"loc":{"start":{"line":26,"column":4},"end":{"line":28,"column":5}},"line":26},"4":{"name":"get name","decl":{"start":{"line":30,"column":4},"end":{"line":32,"column":5}},"loc":{"start":{"line":30,"column":4},"end":{"line":32,"column":5}},"line":30},"5":{"name":"get productId","decl":{"start":{"line":34,"column":4},"end":{"line":36,"column":5}},"loc":{"start":{"line":34,"column":4},"end":{"line":36,"column":5}},"line":34}},"f":{"0":20,"1":27,"2":30,"3":10,"4":10,"5":9}}
,"/home/iza/fullcycle/06-ddd/ddd-factory/src/domain/checkout/entity/order.ts": {"path":"/home/iza/fullcycle/06-ddd/ddd-factory/src/domain/checkout/entity/order.ts","all":false,"statementMap":{"0":{"start":{"line":1,"column":0},"end":{"line":1,"column":37}},"1":{"start":{"line":2,"column":0},"end":{"line":2,"column":0}},"2":{"start":{"line":3,"column":0},"end":{"line":3,"column":28}},"3":{"start":{"line":4,"column":0},"end":{"line":4,"column":0}},"4":{"start":{"line":5,"column":0},"end":{"line":5,"column":24}},"5":{"start":{"line":6,"column":0},"end":{"line":6,"column":32}},"6":{"start":{"line":7,"column":0},"end":{"line":7,"column":32}},"7":{"start":{"line":8,"column":0},"end":{"line":8,"column":0}},"8":{"start":{"line":9,"column":0},"end":{"line":9,"column":69}},"9":{"start":{"line":10,"column":0},"end":{"line":10,"column":22}},"10":{"start":{"line":11,"column":0},"end":{"line":11,"column":38}},"11":{"start":{"line":12,"column":0},"end":{"line":12,"column":28}},"12":{"start":{"line":13,"column":0},"end":{"line":13,"column":24}},"13":{"start":{"line":14,"column":0},"end":{"line":14,"column":5}},"14":{"start":{"line":15,"column":0},"end":{"line":15,"column":0}},"15":{"start":{"line":16,"column":0},"end":{"line":16,"column":16}},"16":{"start":{"line":17,"column":0},"end":{"line":17,"column":36}},"17":{"start":{"line":18,"column":0},"end":{"line":18,"column":46}},"18":{"start":{"line":19,"column":0},"end":{"line":19,"column":9}},"19":{"start":{"line":20,"column":0},"end":{"line":20,"column":44}},"20":{"start":{"line":21,"column":0},"end":{"line":21,"column":54}},"21":{"start":{"line":22,"column":0},"end":{"line":22,"column":9}},"22":{"start":{"line":23,"column":0},"end":{"line":23,"column":39}},"23":{"start":{"line":24,"column":0},"end":{"line":24,"column":50}},"24":{"start":{"line":25,"column":0},"end":{"line":25,"column":9}},"25":{"start":{"line":26,"column":0},"end":{"line":26,"column":0}},"26":{"start":{"line":27,"column":0},"end":{"line":27,"column":61}},"27":{"start":{"line":28,"column":0},"end":{"line":28,"column":63}},"28":{"start":{"line":29,"column":0},"end":{"line":29,"column":9}},"29":{"start":{"line":30,"column":0},"end":{"line":30,"column":0}},"30":{"start":{"line":31,"column":0},"end":{"line":31,"column":5}},"31":{"start":{"line":32,"column":0},"end":{"line":32,"column":0}},"32":{"start":{"line":33,"column":0},"end":{"line":33,"column":21}},"33":{"start":{"line":34,"column":0},"end":{"line":34,"column":70}},"34":{"start":{"line":35,"column":0},"end":{"line":35,"column":5}},"35":{"start":{"line":36,"column":0},"end":{"line":36,"column":0}},"36":{"start":{"line":37,"column":0},"end":{"line":37,"column":22}},"37":{"start":{"line":38,"column":0},"end":{"line":38,"column":24}},"38":{"start":{"line":39,"column":0},"end":{"line":39,"column":5}},"39":{"start":{"line":40,"column":0},"end":{"line":40,"column":0}},"40":{"start":{"line":41,"column":0},"end":{"line":41,"column":30}},"41":{"start":{"line":42,"column":0},"end":{"line":42,"column":32}},"42":{"start":{"line":43,"column":0},"end":{"line":43,"column":5}},"43":{"start":{"line":44,"column":0},"end":{"line":44,"column":0}},"44":{"start":{"line":45,"column":0},"end":{"line":45,"column":30}},"45":{"start":{"line":46,"column":0},"end":{"line":46,"column":27}},"46":{"start":{"line":47,"column":0},"end":{"line":47,"column":5}},"47":{"start":{"line":48,"column":0},"end":{"line":48,"column":0}},"48":{"start":{"line":49,"column":0},"end":{"line":49,"column":43}},"49":{"start":{"line":50,"column":0},"end":{"line":50,"column":28}},"50":{"start":{"line":51,"column":0},"end":{"line":51,"column":24}},"51":{"start":{"line":52,"column":0},"end":{"line":52,"column":5}},"52":{"start":{"line":53,"column":0},"end":{"line":53,"column":0}},"53":{"start":{"line":54,"column":0},"end":{"line":54,"column":1}}},"s":{"0":1,"1":1,"2":1,"3":1,"4":1,"5":1,"6":1,"7":1,"8":1,"9":17,"10":17,"11":17,"12":17,"13":17,"14":1,"15":1,"16":18,"17":1,"18":1,"19":18,"20":1,"21":1,"22":18,"23":1,"24":1,"25":15,"26":18,"27":1,"28":1,"29":18,"30":18,"31":1,"32":1,"33":13,"34":13,"35":1,"36":1,"37":15,"38":15,"39":1,"40":1,"41":7,"42":7,"43":1,"44":1,"45":7,"46":7,"47":1,"48":1,"49":1,"50":1,"51":1,"52":1,"53":1},"branchMap":{"0":{"type":"branch","line":9,"loc":{"start":{"line":9,"column":4},"end":{"line":14,"column":5}},"locations":[{"start":{"line":9,"column":4},"end":{"line":14,"column":5}}]},"1":{"type":"branch","line":16,"loc":{"start":{"line":16,"column":4},"end":{"line":31,"column":5}},"locations":[{"start":{"line":16,"column":4},"end":{"line":31,"column":5}}]},"2":{"type":"branch","line":17,"loc":{"start":{"line":17,"column":35},"end":{"line":19,"column":9}},"locations":[{"start":{"line":17,"column":35},"end":{"line":19,"column":9}}]},"3":{"type":"branch","line":20,"loc":{"start":{"line":20,"column":43},"end":{"line":22,"column":9}},"locations":[{"start":{"line":20,"column":43},"end":{"line":22,"column":9}}]},"4":{"type":"branch","line":23,"loc":{"start":{"line":23,"column":38},"end":{"line":25,"column":9}},"locations":[{"start":{"line":23,"column":38},"end":{"line":25,"column":9}}]},"5":{"type":"branch","line":26,"loc":{"start":{"line":26,"column":-1},"end":{"line":27,"column":60}},"locations":[{"start":{"line":26,"column":-1},"end":{"line":27,"column":60}}]},"6":{"type":"branch","line":27,"loc":{"start":{"line":27,"column":60},"end":{"line":29,"column":9}},"locations":[{"start":{"line":27,"column":60},"end":{"line":29,"column":9}}]},"7":{"type":"branch","line":27,"loc":{"start":{"line":27,"column":29},"end":{"line":27,"column":57}},"locations":[{"start":{"line":27,"column":29},"end":{"line":27,"column":57}}]},"8":{"type":"branch","line":33,"loc":{"start":{"line":33,"column":4},"end":{"line":35,"column":5}},"locations":[{"start":{"line":33,"column":4},"end":{"line":35,"column":5}}]},"9":{"type":"branch","line":34,"loc":{"start":{"line":34,"column":34},"end":{"line":34,"column":65}},"locations":[{"start":{"line":34,"column":34},"end":{"line":34,"column":65}}]},"10":{"type":"branch","line":37,"loc":{"start":{"line":37,"column":4},"end":{"line":39,"column":5}},"locations":[{"start":{"line":37,"column":4},"end":{"line":39,"column":5}}]},"11":{"type":"branch","line":41,"loc":{"start":{"line":41,"column":4},"end":{"line":43,"column":5}},"locations":[{"start":{"line":41,"column":4},"end":{"line":43,"column":5}}]},"12":{"type":"branch","line":45,"loc":{"start":{"line":45,"column":4},"end":{"line":47,"column":5}},"locations":[{"start":{"line":45,"column":4},"end":{"line":47,"column":5}}]},"13":{"type":"branch","line":49,"loc":{"start":{"line":49,"column":4},"end":{"line":52,"column":5}},"locations":[{"start":{"line":49,"column":4},"end":{"line":52,"column":5}}]}},"b":{"0":[17],"1":[18],"2":[1],"3":[1],"4":[1],"5":[15],"6":[1],"7":[20],"8":[13],"9":[17],"10":[15],"11":[7],"12":[7],"13":[1]},"fnMap":{"0":{"name":"Order","decl":{"start":{"line":9,"column":4},"end":{"line":14,"column":5}},"loc":{"start":{"line":9,"column":4},"end":{"line":14,"column":5}},"line":9},"1":{"name":"validate","decl":{"start":{"line":16,"column":4},"end":{"line":31,"column":5}},"loc":{"start":{"line":16,"column":4},"end":{"line":31,"column":5}},"line":16},"2":{"name":"total","decl":{"start":{"line":33,"column":4},"end":{"line":35,"column":5}},"loc":{"start":{"line":33,"column":4},"end":{"line":35,"column":5}},"line":33},"3":{"name":"get id","decl":{"start":{"line":37,"column":4},"end":{"line":39,"column":5}},"loc":{"start":{"line":37,"column":4},"end":{"line":39,"column":5}},"line":37},"4":{"name":"get customerId","decl":{"start":{"line":41,"column":4},"end":{"line":43,"column":5}},"loc":{"start":{"line":41,"column":4},"end":{"line":43,"column":5}},"line":41},"5":{"name":"get items","decl":{"start":{"line":45,"column":4},"end":{"line":47,"column":5}},"loc":{"start":{"line":45,"column":4},"end":{"line":47,"column":5}},"line":45},"6":{"name":"changeItems","decl":{"start":{"line":49,"column":4},"end":{"line":52,"column":5}},"loc":{"start":{"line":49,"column":4},"end":{"line":52,"column":5}},"line":49}},"f":{"0":17,"1":18,"2":13,"3":15,"4":7,"5":7,"6":1}}
,"/home/iza/fullcycle/06-ddd/ddd-factory/src/domain/checkout/factory/order.factory.ts": {"path":"/home/iza/fullcycle/06-ddd/ddd-factory/src/domain/checkout/factory/order.factory.ts","all":false,"statementMap":{"0":{"start":{"line":1,"column":0},"end":{"line":1,"column":36}},"1":{"start":{"line":2,"column":0},"end":{"line":2,"column":45}},"2":{"start":{"line":3,"column":0},"end":{"line":3,"column":58}},"3":{"start":{"line":4,"column":0},"end":{"line":4,"column":0}},"4":{"start":{"line":5,"column":0},"end":{"line":5,"column":35}},"5":{"start":{"line":6,"column":0},"end":{"line":6,"column":52}},"6":{"start":{"line":7,"column":0},"end":{"line":7,"column":49}},"7":{"start":{"line":8,"column":0},"end":{"line":8,"column":33}},"8":{"start":{"line":9,"column":0},"end":{"line":9,"column":24}},"9":{"start":{"line":10,"column":0},"end":{"line":10,"column":26}},"10":{"start":{"line":11,"column":0},"end":{"line":11,"column":27}},"11":{"start":{"line":12,"column":0},"end":{"line":12,"column":31}},"12":{"start":{"line":13,"column":0},"end":{"line":13,"column":29}},"13":{"start":{"line":14,"column":0},"end":{"line":14,"column":14}},"14":{"start":{"line":15,"column":0},"end":{"line":15,"column":11}},"15":{"start":{"line":16,"column":0},"end":{"line":16,"column":60}},"16":{"start":{"line":17,"column":0},"end":{"line":17,"column":5}},"17":{"start":{"line":18,"column":0},"end":{"line":18,"column":1}}},"s":{"0":1,"1":1,"2":1,"3":1,"4":1,"5":1,"6":1,"7":1,"8":1,"9":1,"10":1,"11":1,"12":1,"13":1,"14":1,"15":1,"16":1,"17":1},"branchMap":{"0":{"type":"branch","line":6,"loc":{"start":{"line":6,"column":11},"end":{"line":17,"column":5}},"locations":[{"start":{"line":6,"column":11},"end":{"line":17,"column":5}}]},"1":{"type":"branch","line":7,"loc":{"start":{"line":7,"column":38},"end":{"line":15,"column":11}},"locations":[{"start":{"line":7,"column":38},"end":{"line":15,"column":11}}]}},"b":{"0":[1],"1":[1]},"fnMap":{"0":{"name":"create","decl":{"start":{"line":6,"column":11},"end":{"line":17,"column":5}},"loc":{"start":{"line":6,"column":11},"end":{"line":17,"column":5}},"line":6}},"f":{"0":1}}
,"/home/iza/fullcycle/06-ddd/ddd-factory/src/domain/checkout/service/order-service.ts": {"path":"/home/iza/fullcycle/06-ddd/ddd-factory/src/domain/checkout/service/order-service.ts","all":false,"statementMap":{"0":{"start":{"line":1,"column":0},"end":{"line":1,"column":45}},"1":{"start":{"line":2,"column":0},"end":{"line":2,"column":34}},"2":{"start":{"line":3,"column":0},"end":{"line":3,"column":54}},"3":{"start":{"line":4,"column":0},"end":{"line":4,"column":36}},"4":{"start":{"line":5,"column":0},"end":{"line":5,"column":0}},"5":{"start":{"line":6,"column":0},"end":{"line":6,"column":35}},"6":{"start":{"line":7,"column":0},"end":{"line":7,"column":70}},"7":{"start":{"line":8,"column":0},"end":{"line":8,"column":33}},"8":{"start":{"line":9,"column":0},"end":{"line":9,"column":65}},"9":{"start":{"line":10,"column":0},"end":{"line":10,"column":9}},"10":{"start":{"line":11,"column":0},"end":{"line":11,"column":60}},"11":{"start":{"line":12,"column":0},"end":{"line":12,"column":52}},"12":{"start":{"line":13,"column":0},"end":{"line":13,"column":21}},"13":{"start":{"line":14,"column":0},"end":{"line":14,"column":5}},"14":{"start":{"line":15,"column":0},"end":{"line":15,"column":35}},"15":{"start":{"line":16,"column":0},"end":{"line":16,"column":69}},"16":{"start":{"line":17,"column":0},"end":{"line":17,"column":5}},"17":{"start":{"line":18,"column":0},"end":{"line":18,"column":0}},"18":{"start":{"line":19,"column":0},"end":{"line":19,"column":1}}},"s":{"0":1,"1":1,"2":1,"3":1,"4":1,"5":1,"6":1,"7":1,"8":0,"9":0,"10":1,"11":1,"12":1,"13":1,"14":1,"15":1,"16":1,"17":1,"18":1},"branchMap":{"0":{"type":"branch","line":7,"loc":{"start":{"line":7,"column":11},"end":{"line":14,"column":5}},"locations":[{"start":{"line":7,"column":11},"end":{"line":14,"column":5}}]},"1":{"type":"branch","line":8,"loc":{"start":{"line":8,"column":32},"end":{"line":10,"column":9}},"locations":[{"start":{"line":8,"column":32},"end":{"line":10,"column":9}}]},"2":{"type":"branch","line":15,"loc":{"start":{"line":15,"column":11},"end":{"line":17,"column":5}},"locations":[{"start":{"line":15,"column":11},"end":{"line":17,"column":5}}]},"3":{"type":"branch","line":16,"loc":{"start":{"line":16,"column":29},"end":{"line":16,"column":64}},"locations":[{"start":{"line":16,"column":29},"end":{"line":16,"column":64}}]}},"b":{"0":[1],"1":[0],"2":[1],"3":[2]},"fnMap":{"0":{"name":"placeOrder","decl":{"start":{"line":7,"column":11},"end":{"line":14,"column":5}},"loc":{"start":{"line":7,"column":11},"end":{"line":14,"column":5}},"line":7},"1":{"name":"total","decl":{"start":{"line":15,"column":11},"end":{"line":17,"column":5}},"loc":{"start":{"line":15,"column":11},"end":{"line":17,"column":5}},"line":15}},"f":{"0":1,"1":1}}
,"/home/iza/fullcycle/06-ddd/ddd-factory/src/domain/customer/entity/customer.ts": {"path":"/home/iza/fullcycle/06-ddd/ddd-factory/src/domain/customer/entity/customer.ts","all":false,"statementMap":{"0":{"start":{"line":1,"column":0},"end":{"line":1,"column":46}},"1":{"start":{"line":2,"column":0},"end":{"line":2,"column":52}},"2":{"start":{"line":3,"column":0},"end":{"line":3,"column":0}},"3":{"start":{"line":4,"column":0},"end":{"line":4,"column":60}},"4":{"start":{"line":5,"column":0},"end":{"line":5,"column":0}},"5":{"start":{"line":6,"column":0},"end":{"line":6,"column":24}},"6":{"start":{"line":7,"column":0},"end":{"line":7,"column":26}},"7":{"start":{"line":8,"column":0},"end":{"line":8,"column":31}},"8":{"start":{"line":9,"column":0},"end":{"line":9,"column":37}},"9":{"start":{"line":10,"column":0},"end":{"line":10,"column":38}},"10":{"start":{"line":11,"column":0},"end":{"line":11,"column":0}},"11":{"start":{"line":12,"column":0},"end":{"line":12,"column":43}},"12":{"start":{"line":13,"column":0},"end":{"line":13,"column":22}},"13":{"start":{"line":14,"column":0},"end":{"line":14,"column":26}},"14":{"start":{"line":15,"column":0},"end":{"line":15,"column":24}},"15":{"start":{"line":16,"column":0},"end":{"line":16,"column":5}},"16":{"start":{"line":17,"column":0},"end":{"line":17,"column":0}},"17":{"start":{"line":18,"column":0},"end":{"line":18,"column":16}},"18":{"start":{"line":19,"column":0},"end":{"line":19,"column":37}},"19":{"start":{"line":20,"column":0},"end":{"line":20,"column":48}},"20":{"start":{"line":21,"column":0},"end":{"line":21,"column":9}},"21":{"start":{"line":22,"column":0},"end":{"line":22,"column":5}},"22":{"start":{"line":23,"column":0},"end":{"line":23,"column":0}},"23":{"start":{"line":24,"column":0},"end":{"line":24,"column":30}},"24":{"start":{"line":25,"column":0},"end":{"line":25,"column":26}},"25":{"start":{"line":26,"column":0},"end":{"line":26,"column":24}},"26":{"start":{"line":27,"column":0},"end":{"line":27,"column":5}},"27":{"start":{"line":28,"column":0},"end":{"line":28,"column":0}},"28":{"start":{"line":29,"column":0},"end":{"line":29,"column":16}},"29":{"start":{"line":30,"column":0},"end":{"line":30,"column":41}},"30":{"start":{"line":31,"column":0},"end":{"line":31,"column":75}},"31":{"start":{"line":32,"column":0},"end":{"line":32,"column":9}},"32":{"start":{"line":33,"column":0},"end":{"line":33,"column":28}},"33":{"start":{"line":34,"column":0},"end":{"line":34,"column":5}},"34":{"start":{"line":35,"column":0},"end":{"line":35,"column":0}},"35":{"start":{"line":36,"column":0},"end":{"line":36,"column":18}},"36":{"start":{"line":37,"column":0},"end":{"line":37,"column":29}},"37":{"start":{"line":38,"column":0},"end":{"line":38,"column":5}},"38":{"start":{"line":39,"column":0},"end":{"line":39,"column":0}},"39":{"start":{"line":40,"column":0},"end":{"line":40,"column":35}},"40":{"start":{"line":41,"column":0},"end":{"line":41,"column":32}},"41":{"start":{"line":42,"column":0},"end":{"line":42,"column":5}},"42":{"start":{"line":43,"column":0},"end":{"line":43,"column":0}},"43":{"start":{"line":44,"column":0},"end":{"line":44,"column":28}},"44":{"start":{"line":45,"column":0},"end":{"line":45,"column":29}},"45":{"start":{"line":46,"column":0},"end":{"line":46,"column":5}},"46":{"start":{"line":47,"column":0},"end":{"line":47,"column":0}},"47":{"start":{"line":48,"column":0},"end":{"line":48,"column":22}},"48":{"start":{"line":49,"column":0},"end":{"line":49,"column":24}},"49":{"start":{"line":50,"column":0},"end":{"line":50,"column":5}},"50":{"start":{"line":51,"column":0},"end":{"line":51,"column":0}},"51":{"start":{"line":52,"column":0},"end":{"line":52,"column":24}},"52":{"start":{"line":53,"column":0},"end":{"line":53,"column":26}},"53":{"start":{"line":54,"column":0},"end":{"line":54,"column":5}},"54":{"start":{"line":55,"column":0},"end":{"line":55,"column":0}},"55":{"start":{"line":56,"column":0},"end":{"line":56,"column":25}},"56":{"start":{"line":57,"column":0},"end":{"line":57,"column":28}},"57":{"start":{"line":58,"column":0},"end":{"line":58,"column":5}},"58":{"start":{"line":59,"column":0},"end":{"line":59,"column":0}},"59":{"start":{"line":60,"column":0},"end":{"line":60,"column":37}},"60":{"start":{"line":61,"column":0},"end":{"line":61,"column":37}},"61":{"start":{"line":62,"column":0},"end":{"line":62,"column":5}},"62":{"start":{"line":63,"column":0},"end":{"line":63,"column":0}},"63":{"start":{"line":64,"column":0},"end":{"line":64,"column":32}},"64":{"start":{"line":65,"column":0},"end":{"line":65,"column":34}},"65":{"start":{"line":66,"column":0},"end":{"line":66,"column":5}},"66":{"start":{"line":67,"column":0},"end":{"line":67,"column":0}},"67":{"start":{"line":68,"column":0},"end":{"line":68,"column":37}},"68":{"start":{"line":69,"column":0},"end":{"line":69,"column":32}},"69":{"start":{"line":70,"column":0},"end":{"line":70,"column":5}},"70":{"start":{"line":71,"column":0},"end":{"line":71,"column":0}},"71":{"start":{"line":72,"column":0},"end":{"line":72,"column":1}}},"s":{"0":1,"1":1,"2":1,"3":1,"4":1,"5":1,"6":1,"7":1,"8":1,"9":1,"10":1,"11":1,"12":23,"13":23,"14":23,"15":23,"16":1,"17":1,"18":25,"19":1,"20":1,"21":25,"22":1,"23":1,"24":2,"25":2,"26":2,"27":1,"28":1,"29":6,"30":1,"31":1,"32":6,"33":6,"34":1,"35":1,"36":1,"37":1,"38":1,"39":1,"40":16,"41":16,"42":1,"43":1,"44":48,"45":48,"46":1,"47":1,"48":18,"49":18,"50":1,"51":1,"52":17,"53":17,"54":1,"55":1,"56":16,"57":16,"58":1,"59":1,"60":9,"61":9,"62":1,"63":1,"64":17,"65":17,"66":1,"67":1,"68":2,"69":2,"70":1,"71":1},"branchMap":{"0":{"type":"branch","line":9,"loc":{"start":{"line":9,"column":12},"end":{"line":10,"column":37}},"locations":[{"start":{"line":9,"column":12},"end":{"line":10,"column":37}}]},"1":{"type":"branch","line":12,"loc":{"start":{"line":12,"column":4},"end":{"line":16,"column":5}},"locations":[{"start":{"line":12,"column":4},"end":{"line":16,"column":5}}]},"2":{"type":"branch","line":18,"loc":{"start":{"line":18,"column":4},"end":{"line":22,"column":5}},"locations":[{"start":{"line":18,"column":4},"end":{"line":22,"column":5}}]},"3":{"type":"branch","line":19,"loc":{"start":{"line":19,"column":36},"end":{"line":21,"column":9}},"locations":[{"start":{"line":19,"column":36},"end":{"line":21,"column":9}}]},"4":{"type":"branch","line":24,"loc":{"start":{"line":24,"column":4},"end":{"line":27,"column":5}},"locations":[{"start":{"line":24,"column":4},"end":{"line":27,"column":5}}]},"5":{"type":"branch","line":29,"loc":{"start":{"line":29,"column":4},"end":{"line":34,"column":5}},"locations":[{"start":{"line":29,"column":4},"end":{"line":34,"column":5}}]},"6":{"type":"branch","line":30,"loc":{"start":{"line":30,"column":40},"end":{"line":32,"column":9}},"locations":[{"start":{"line":30,"column":40},"end":{"line":32,"column":9}}]},"7":{"type":"branch","line":36,"loc":{"start":{"line":36,"column":4},"end":{"line":38,"column":5}},"locations":[{"start":{"line":36,"column":4},"end":{"line":38,"column":5}}]},"8":{"type":"branch","line":40,"loc":{"start":{"line":40,"column":4},"end":{"line":42,"column":5}},"locations":[{"start":{"line":40,"column":4},"end":{"line":42,"column":5}}]},"9":{"type":"branch","line":44,"loc":{"start":{"line":44,"column":4},"end":{"line":46,"column":5}},"locations":[{"start":{"line":44,"column":4},"end":{"line":46,"column":5}}]},"10":{"type":"branch","line":48,"loc":{"start":{"line":48,"column":4},"end":{"line":50,"column":5}},"locations":[{"start":{"line":48,"column":4},"end":{"line":50,"column":5}}]},"11":{"type":"branch","line":52,"loc":{"start":{"line":52,"column":4},"end":{"line":54,"column":5}},"locations":[{"start":{"line":52,"column":4},"end":{"line":54,"column":5}}]},"12":{"type":"branch","line":56,"loc":{"start":{"line":56,"column":4},"end":{"line":58,"column":5}},"locations":[{"start":{"line":56,"column":4},"end":{"line":58,"column":5}}]},"13":{"type":"branch","line":60,"loc":{"start":{"line":60,"column":4},"end":{"line":62,"column":5}},"locations":[{"start":{"line":60,"column":4},"end":{"line":62,"column":5}}]},"14":{"type":"branch","line":64,"loc":{"start":{"line":64,"column":4},"end":{"line":66,"column":5}},"locations":[{"start":{"line":64,"column":4},"end":{"line":66,"column":5}}]},"15":{"type":"branch","line":68,"loc":{"start":{"line":68,"column":4},"end":{"line":70,"column":5}},"locations":[{"start":{"line":68,"column":4},"end":{"line":70,"column":5}}]}},"b":{"0":[23],"1":[23],"2":[25],"3":[1],"4":[2],"5":[6],"6":[1],"7":[1],"8":[16],"9":[48],"10":[18],"11":[17],"12":[16],"13":[9],"14":[17],"15":[2]},"fnMap":{"0":{"name":"<instance_members_initializer>","decl":{"start":{"line":9,"column":12},"end":{"line":10,"column":37}},"loc":{"start":{"line":9,"column":12},"end":{"line":10,"column":37}},"line":9},"1":{"name":"Customer","decl":{"start":{"line":12,"column":4},"end":{"line":16,"column":5}},"loc":{"start":{"line":12,"column":4},"end":{"line":16,"column":5}},"line":12},"2":{"name":"validate","decl":{"start":{"line":18,"column":4},"end":{"line":22,"column":5}},"loc":{"start":{"line":18,"column":4},"end":{"line":22,"column":5}},"line":18},"3":{"name":"changeName","decl":{"start":{"line":24,"column":4},"end":{"line":27,"column":5}},"loc":{"start":{"line":24,"column":4},"end":{"line":27,"column":5}},"line":24},"4":{"name":"activate","decl":{"start":{"line":29,"column":4},"end":{"line":34,"column":5}},"loc":{"start":{"line":29,"column":4},"end":{"line":34,"column":5}},"line":29},"5":{"name":"deactivate","decl":{"start":{"line":36,"column":4},"end":{"line":38,"column":5}},"loc":{"start":{"line":36,"column":4},"end":{"line":38,"column":5}},"line":36},"6":{"name":"set address","decl":{"start":{"line":40,"column":4},"end":{"line":42,"column":5}},"loc":{"start":{"line":40,"column":4},"end":{"line":42,"column":5}},"line":40},"7":{"name":"get address","decl":{"start":{"line":44,"column":4},"end":{"line":46,"column":5}},"loc":{"start":{"line":44,"column":4},"end":{"line":46,"column":5}},"line":44},"8":{"name":"get id","decl":{"start":{"line":48,"column":4},"end":{"line":50,"column":5}},"loc":{"start":{"line":48,"column":4},"end":{"line":50,"column":5}},"line":48},"9":{"name":"get name","decl":{"start":{"line":52,"column":4},"end":{"line":54,"column":5}},"loc":{"start":{"line":52,"column":4},"end":{"line":54,"column":5}},"line":52},"10":{"name":"isActive","decl":{"start":{"line":56,"column":4},"end":{"line":58,"column":5}},"loc":{"start":{"line":56,"column":4},"end":{"line":58,"column":5}},"line":56},"11":{"name":"addRewardPoints","decl":{"start":{"line":60,"column":4},"end":{"line":62,"column":5}},"loc":{"start":{"line":60,"column":4},"end":{"line":62,"column":5}},"line":60},"12":{"name":"get rewardPoints","decl":{"start":{"line":64,"column":4},"end":{"line":66,"column":5}},"loc":{"start":{"line":64,"column":4},"end":{"line":66,"column":5}},"line":64},"13":{"name":"changeAddress","decl":{"start":{"line":68,"column":4},"end":{"line":70,"column":5}},"loc":{"start":{"line":68,"column":4},"end":{"line":70,"column":5}},"line":68}},"f":{"0":23,"1":23,"2":25,"3":2,"4":6,"5":1,"6":16,"7":48,"8":18,"9":17,"10":16,"11":9,"12":17,"13":2}}
,"/home/iza/fullcycle/06-ddd/ddd-factory/src/domain/customer/event/change-address/customer-change-address.event.ts": {"path":"/home/iza/fullcycle/06-ddd/ddd-factory/src/domain/customer/event/change-address/customer-change-address.event.ts","all":false,"statementMap":{"0":{"start":{"line":1,"column":0},"end":{"line":1,"column":68}},"1":{"start":{"line":2,"column":0},"end":{"line":2,"column":0}},"2":{"start":{"line":3,"column":0},"end":{"line":3,"column":69}},"3":{"start":{"line":4,"column":0},"end":{"line":4,"column":0}},"4":{"start":{"line":5,"column":0},"end":{"line":5,"column":27}},"5":{"start":{"line":6,"column":0},"end":{"line":6,"column":19}},"6":{"start":{"line":7,"column":0},"end":{"line":7,"column":0}},"7":{"start":{"line":8,"column":0},"end":{"line":8,"column":33}},"8":{"start":{"line":9,"column":0},"end":{"line":9,"column":43}},"9":{"start":{"line":10,"column":0},"end":{"line":10,"column":35}},"10":{"start":{"line":11,"column":0},"end":{"line":11,"column":5}},"11":{"start":{"line":12,"column":0},"end":{"line":12,"column":0}},"12":{"start":{"line":13,"column":0},"end":{"line":13,"column":1}}},"s":{"0":1,"1":1,"2":1,"3":1,"4":1,"5":1,"6":1,"7":1,"8":1,"9":1,"10":1,"11":1,"12":1},"branchMap":{"0":{"type":"branch","line":8,"loc":{"start":{"line":8,"column":4},"end":{"line":11,"column":5}},"locations":[{"start":{"line":8,"column":4},"end":{"line":11,"column":5}}]}},"b":{"0":[1]},"fnMap":{"0":{"name":"CustomerAddressEvent","decl":{"start":{"line":8,"column":4},"end":{"line":11,"column":5}},"loc":{"start":{"line":8,"column":4},"end":{"line":11,"column":5}},"line":8}},"f":{"0":1}}
,"/home/iza/fullcycle/06-ddd/ddd-factory/src/domain/customer/event/change-address/handler/envia-console-log.handler.ts": {"path":"/home/iza/fullcycle/06-ddd/ddd-factory/src/domain/customer/event/change-address/handler/envia-console-log.handler.ts","all":false,"statementMap":{"0":{"start":{"line":1,"column":0},"end":{"line":1,"column":0}},"1":{"start":{"line":2,"column":0},"end":{"line":2,"column":86}},"2":{"start":{"line":3,"column":0},"end":{"line":3,"column":74}},"3":{"start":{"line":4,"column":0},"end":{"line":4,"column":0}},"4":{"start":{"line":5,"column":0},"end":{"line":5,"column":105}},"5":{"start":{"line":6,"column":0},"end":{"line":6,"column":53}},"6":{"start":{"line":7,"column":0},"end":{"line":7,"column":133}},"7":{"start":{"line":8,"column":0},"end":{"line":8,"column":5}},"8":{"start":{"line":9,"column":0},"end":{"line":9,"column":1}}},"s":{"0":1,"1":1,"2":1,"3":1,"4":1,"5":1,"6":1,"7":1,"8":1},"branchMap":{"0":{"type":"branch","line":6,"loc":{"start":{"line":6,"column":4},"end":{"line":8,"column":5}},"locations":[{"start":{"line":6,"column":4},"end":{"line":8,"column":5}}]}},"b":{"0":[1]},"fnMap":{"0":{"name":"handle","decl":{"start":{"line":6,"column":4},"end":{"line":8,"column":5}},"loc":{"start":{"line":6,"column":4},"end":{"line":8,"column":5}},"line":6}},"f":{"0":1}}
,"/home/iza/fullcycle/06-ddd/ddd-factory/src/domain/customer/event/created/customer-created.event.ts": {"path":"/home/iza/fullcycle/06-ddd/ddd-factory/src/domain/customer/event/created/customer-created.event.ts","all":false,"statementMap":{"0":{"start":{"line":1,"column":0},"end":{"line":1,"column":68}},"1":{"start":{"line":2,"column":0},"end":{"line":2,"column":0}},"2":{"start":{"line":3,"column":0},"end":{"line":3,"column":69}},"3":{"start":{"line":4,"column":0},"end":{"line":4,"column":0}},"4":{"start":{"line":5,"column":0},"end":{"line":5,"column":27}},"5":{"start":{"line":6,"column":0},"end":{"line":6,"column":19}},"6":{"start":{"line":7,"column":0},"end":{"line":7,"column":0}},"7":{"start":{"line":8,"column":0},"end":{"line":8,"column":33}},"8":{"start":{"line":9,"column":0},"end":{"line":9,"column":43}},"9":{"start":{"line":10,"column":0},"end":{"line":10,"column":35}},"10":{"start":{"line":11,"column":0},"end":{"line":11,"column":5}},"11":{"start":{"line":12,"column":0},"end":{"line":12,"column":0}},"12":{"start":{"line":13,"column":0},"end":{"line":13,"column":1}}},"s":{"0":1,"1":1,"2":1,"3":1,"4":1,"5":1,"6":1,"7":1,"8":1,"9":1,"10":1,"11":1,"12":1},"branchMap":{"0":{"type":"branch","line":8,"loc":{"start":{"line":8,"column":4},"end":{"line":11,"column":5}},"locations":[{"start":{"line":8,"column":4},"end":{"line":11,"column":5}}]}},"b":{"0":[1]},"fnMap":{"0":{"name":"CustomerCreatedEvent","decl":{"start":{"line":8,"column":4},"end":{"line":11,"column":5}},"loc":{"start":{"line":8,"column":4},"end":{"line":11,"column":5}},"line":8}},"f":{"0":1}}
,"/home/iza/fullcycle/06-ddd/ddd-factory/src/domain/customer/event/created/handler/envia-console-log01.handler.ts": {"path":"/home/iza/fullcycle/06-ddd/ddd-factory/src/domain/customer/event/created/handler/envia-console-log01.handler.ts","all":false,"statementMap":{"0":{"start":{"line":1,"column":0},"end":{"line":1,"column":85}},"1":{"start":{"line":2,"column":0},"end":{"line":2,"column":61}},"2":{"start":{"line":3,"column":0},"end":{"line":3,"column":0}},"3":{"start":{"line":4,"column":0},"end":{"line":4,"column":100}},"4":{"start":{"line":5,"column":0},"end":{"line":5,"column":47}},"5":{"start":{"line":6,"column":0},"end":{"line":6,"column":80}},"6":{"start":{"line":7,"column":0},"end":{"line":7,"column":5}},"7":{"start":{"line":8,"column":0},"end":{"line":8,"column":1}}},"s":{"0":1,"1":1,"2":1,"3":1,"4":1,"5":1,"6":1,"7":1},"branchMap":{"0":{"type":"branch","line":5,"loc":{"start":{"line":5,"column":4},"end":{"line":7,"column":5}},"locations":[{"start":{"line":5,"column":4},"end":{"line":7,"column":5}}]}},"b":{"0":[1]},"fnMap":{"0":{"name":"handle","decl":{"start":{"line":5,"column":4},"end":{"line":7,"column":5}},"loc":{"start":{"line":5,"column":4},"end":{"line":7,"column":5}},"line":5}},"f":{"0":1}}
,"/home/iza/fullcycle/06-ddd/ddd-factory/src/domain/customer/event/created/handler/envia-console-log02.handler.ts": {"path":"/home/iza/fullcycle/06-ddd/ddd-factory/src/domain/customer/event/created/handler/envia-console-log02.handler.ts","all":false,"statementMap":{"0":{"start":{"line":1,"column":0},"end":{"line":1,"column":85}},"1":{"start":{"line":2,"column":0},"end":{"line":2,"column":61}},"2":{"start":{"line":3,"column":0},"end":{"line":3,"column":0}},"3":{"start":{"line":4,"column":0},"end":{"line":4,"column":100}},"4":{"start":{"line":5,"column":0},"end":{"line":5,"column":47}},"5":{"start":{"line":6,"column":0},"end":{"line":6,"column":79}},"6":{"start":{"line":7,"column":0},"end":{"line":7,"column":5}},"7":{"start":{"line":8,"column":0},"end":{"line":8,"column":1}}},"s":{"0":1,"1":1,"2":1,"3":1,"4":1,"5":1,"6":1,"7":1},"branchMap":{"0":{"type":"branch","line":5,"loc":{"start":{"line":5,"column":4},"end":{"line":7,"column":5}},"locations":[{"start":{"line":5,"column":4},"end":{"line":7,"column":5}}]}},"b":{"0":[1]},"fnMap":{"0":{"name":"handle","decl":{"start":{"line":5,"column":4},"end":{"line":7,"column":5}},"loc":{"start":{"line":5,"column":4},"end":{"line":7,"column":5}},"line":5}},"f":{"0":1}}
,"/home/iza/fullcycle/06-ddd/ddd-factory/src/domain/customer/factory/customer.factory.ts": {"path":"/home/iza/fullcycle/06-ddd/ddd-factory/src/domain/customer/factory/customer.factory.ts","all":false,"statementMap":{"0":{"start":{"line":1,"column":0},"end":{"line":1,"column":42}},"1":{"start":{"line":2,"column":0},"end":{"line":2,"column":60}},"2":{"start":{"line":3,"column":0},"end":{"line":3,"column":34}},"3":{"start":{"line":4,"column":0},"end":{"line":4,"column":46}},"4":{"start":{"line":5,"column":0},"end":{"line":5,"column":0}},"5":{"start":{"line":6,"column":0},"end":{"line":6,"column":38}},"6":{"start":{"line":7,"column":0},"end":{"line":7,"column":81}},"7":{"start":{"line":8,"column":0},"end":{"line":8,"column":50}},"8":{"start":{"line":9,"column":0},"end":{"line":9,"column":40}},"9":{"start":{"line":10,"column":0},"end":{"line":10,"column":24}},"10":{"start":{"line":11,"column":0},"end":{"line":11,"column":5}},"11":{"start":{"line":12,"column":0},"end":{"line":12,"column":0}},"12":{"start":{"line":13,"column":0},"end":{"line":13,"column":52}},"13":{"start":{"line":14,"column":0},"end":{"line":14,"column":42}},"14":{"start":{"line":15,"column":0},"end":{"line":15,"column":5}},"15":{"start":{"line":16,"column":0},"end":{"line":16,"column":0}},"16":{"start":{"line":17,"column":0},"end":{"line":17,"column":1}}},"s":{"0":1,"1":1,"2":1,"3":1,"4":1,"5":1,"6":1,"7":1,"8":1,"9":1,"10":1,"11":1,"12":1,"13":1,"14":1,"15":1,"16":1},"branchMap":{"0":{"type":"branch","line":7,"loc":{"start":{"line":7,"column":11},"end":{"line":11,"column":5}},"locations":[{"start":{"line":7,"column":11},"end":{"line":11,"column":5}}]},"1":{"type":"branch","line":13,"loc":{"start":{"line":13,"column":11},"end":{"line":15,"column":5}},"locations":[{"start":{"line":13,"column":11},"end":{"line":15,"column":5}}]}},"b":{"0":[1],"1":[1]},"fnMap":{"0":{"name":"createWithAddress","decl":{"start":{"line":7,"column":11},"end":{"line":11,"column":5}},"loc":{"start":{"line":7,"column":11},"end":{"line":11,"column":5}},"line":7},"1":{"name":"create","decl":{"start":{"line":13,"column":11},"end":{"line":15,"column":5}},"loc":{"start":{"line":13,"column":11},"end":{"line":15,"column":5}},"line":13}},"f":{"0":1,"1":1}}
,"/home/iza/fullcycle/06-ddd/ddd-factory/src/domain/customer/value-object/address.ts": {"path":"/home/iza/fullcycle/06-ddd/ddd-factory/src/domain/customer/value-object/address.ts","all":false,"statementMap":{"0":{"start":{"line":1,"column":0},"end":{"line":1,"column":30}},"1":{"start":{"line":2,"column":0},"end":{"line":2,"column":0}},"2":{"start":{"line":3,"column":0},"end":{"line":3,"column":25}},"3":{"start":{"line":4,"column":0},"end":{"line":4,"column":24}},"4":{"start":{"line":5,"column":0},"end":{"line":5,"column":21}},"5":{"start":{"line":6,"column":0},"end":{"line":6,"column":23}},"6":{"start":{"line":7,"column":0},"end":{"line":7,"column":0}},"7":{"start":{"line":8,"column":0},"end":{"line":8,"column":76}},"8":{"start":{"line":9,"column":0},"end":{"line":9,"column":30}},"9":{"start":{"line":10,"column":0},"end":{"line":10,"column":30}},"10":{"start":{"line":11,"column":0},"end":{"line":11,"column":24}},"11":{"start":{"line":12,"column":0},"end":{"line":12,"column":26}},"12":{"start":{"line":13,"column":0},"end":{"line":13,"column":0}},"13":{"start":{"line":14,"column":0},"end":{"line":14,"column":24}},"14":{"start":{"line":15,"column":0},"end":{"line":15,"column":5}},"15":{"start":{"line":16,"column":0},"end":{"line":16,"column":0}},"16":{"start":{"line":17,"column":0},"end":{"line":17,"column":16}},"17":{"start":{"line":18,"column":0},"end":{"line":18,"column":40}},"18":{"start":{"line":19,"column":0},"end":{"line":19,"column":50}},"19":{"start":{"line":20,"column":0},"end":{"line":20,"column":9}},"20":{"start":{"line":21,"column":0},"end":{"line":21,"column":33}},"21":{"start":{"line":22,"column":0},"end":{"line":22,"column":50}},"22":{"start":{"line":23,"column":0},"end":{"line":23,"column":9}},"23":{"start":{"line":24,"column":0},"end":{"line":24,"column":37}},"24":{"start":{"line":25,"column":0},"end":{"line":25,"column":47}},"25":{"start":{"line":26,"column":0},"end":{"line":26,"column":9}},"26":{"start":{"line":27,"column":0},"end":{"line":27,"column":38}},"27":{"start":{"line":28,"column":0},"end":{"line":28,"column":48}},"28":{"start":{"line":29,"column":0},"end":{"line":29,"column":9}},"29":{"start":{"line":30,"column":0},"end":{"line":30,"column":5}},"30":{"start":{"line":31,"column":0},"end":{"line":31,"column":0}},"31":{"start":{"line":32,"column":0},"end":{"line":32,"column":26}},"32":{"start":{"line":33,"column":0},"end":{"line":33,"column":28}},"33":{"start":{"line":34,"column":0},"end":{"line":34,"column":5}},"34":{"start":{"line":35,"column":0},"end":{"line":35,"column":0}},"35":{"start":{"line":36,"column":0},"end":{"line":36,"column":26}},"36":{"start":{"line":37,"column":0},"end":{"line":37,"column":28}},"37":{"start":{"line":38,"column":0},"end":{"line":38,"column":5}},"38":{"start":{"line":39,"column":0},"end":{"line":39,"column":0}},"39":{"start":{"line":40,"column":0},"end":{"line":40,"column":23}},"40":{"start":{"line":41,"column":0},"end":{"line":41,"column":25}},"41":{"start":{"line":42,"column":0},"end":{"line":42,"column":5}},"42":{"start":{"line":43,"column":0},"end":{"line":43,"column":0}},"43":{"start":{"line":44,"column":0},"end":{"line":44,"column":24}},"44":{"start":{"line":45,"column":0},"end":{"line":45,"column":26}},"45":{"start":{"line":46,"column":0},"end":{"line":46,"column":5}},"46":{"start":{"line":47,"column":0},"end":{"line":47,"column":0}},"47":{"start":{"line":48,"column":0},"end":{"line":48,"column":16}},"48":{"start":{"line":49,"column":0},"end":{"line":49,"column":78}},"49":{"start":{"line":50,"column":0},"end":{"line":50,"column":5}},"50":{"start":{"line":51,"column":0},"end":{"line":51,"column":0}},"51":{"start":{"line":52,"column":0},"end":{"line":52,"column":1}}},"s":{"0":1,"1":1,"2":1,"3":18,"4":18,"5":1,"6":1,"7":1,"8":18,"9":18,"10":18,"11":18,"12":18,"13":18,"14":18,"15":1,"16":1,"17":18,"18":0,"19":0,"20":18,"21":0,"22":0,"23":18,"24":0,"25":0,"26":18,"27":0,"28":0,"29":18,"30":1,"31":1,"32":13,"33":13,"34":1,"35":1,"36":13,"37":13,"38":1,"39":1,"40":13,"41":13,"42":1,"43":1,"44":13,"45":13,"46":1,"47":1,"48":1,"49":1,"50":1,"51":1},"branchMap":{"0":{"type":"branch","line":3,"loc":{"start":{"line":3,"column":4},"end":{"line":6,"column":22}},"locations":[{"start":{"line":3,"column":4},"end":{"line":6,"column":22}}]},"1":{"type":"branch","line":8,"loc":{"start":{"line":8,"column":4},"end":{"line":15,"column":5}},"locations":[{"start":{"line":8,"column":4},"end":{"line":15,"column":5}}]},"2":{"type":"branch","line":17,"loc":{"start":{"line":17,"column":4},"end":{"line":30,"column":5}},"locations":[{"start":{"line":17,"column":4},"end":{"line":30,"column":5}}]},"3":{"type":"branch","line":18,"loc":{"start":{"line":18,"column":39},"end":{"line":20,"column":9}},"locations":[{"start":{"line":18,"column":39},"end":{"line":20,"column":9}}]},"4":{"type":"branch","line":21,"loc":{"start":{"line":21,"column":32},"end":{"line":23,"column":9}},"locations":[{"start":{"line":21,"column":32},"end":{"line":23,"column":9}}]},"5":{"type":"branch","line":24,"loc":{"start":{"line":24,"column":36},"end":{"line":26,"column":9}},"locations":[{"start":{"line":24,"column":36},"end":{"line":26,"column":9}}]},"6":{"type":"branch","line":27,"loc":{"start":{"line":27,"column":37},"end":{"line":29,"column":9}},"locations":[{"start":{"line":27,"column":37},"end":{"line":29,"column":9}}]},"7":{"type":"branch","line":32,"loc":{"start":{"line":32,"column":4},"end":{"line":34,"column":5}},"locations":[{"start":{"line":32,"column":4},"end":{"line":34,"column":5}}]},"8":{"type":"branch","line":36,"loc":{"start":{"line":36,"column":4},"end":{"line":38,"column":5}},"locations":[{"start":{"line":36,"column":4},"end":{"line":38,"column":5}}]},"9":{"type":"branch","line":40,"loc":{"start":{"line":40,"column":4},"end":{"line":42,"column":5}},"locations":[{"start":{"line":40,"column":4},"end":{"line":42,"column":5}}]},"10":{"type":"branch","line":44,"loc":{"start":{"line":44,"column":4},"end":{"line":46,"column":5}},"locations":[{"start":{"line":44,"column":4},"end":{"line":46,"column":5}}]},"11":{"type":"branch","line":48,"loc":{"start":{"line":48,"column":4},"end":{"line":50,"column":5}},"locations":[{"start":{"line":48,"column":4},"end":{"line":50,"column":5}}]}},"b":{"0":[18],"1":[18],"2":[18],"3":[0],"4":[0],"5":[0],"6":[0],"7":[13],"8":[13],"9":[13],"10":[13],"11":[1]},"fnMap":{"0":{"name":"<instance_members_initializer>","decl":{"start":{"line":3,"column":4},"end":{"line":6,"column":22}},"loc":{"start":{"line":3,"column":4},"end":{"line":6,"column":22}},"line":3},"1":{"name":"Address","decl":{"start":{"line":8,"column":4},"end":{"line":15,"column":5}},"loc":{"start":{"line":8,"column":4},"end":{"line":15,"column":5}},"line":8},"2":{"name":"validate","decl":{"start":{"line":17,"column":4},"end":{"line":30,"column":5}},"loc":{"start":{"line":17,"column":4},"end":{"line":30,"column":5}},"line":17},"3":{"name":"get street","decl":{"start":{"line":32,"column":4},"end":{"line":34,"column":5}},"loc":{"start":{"line":32,"column":4},"end":{"line":34,"column":5}},"line":32},"4":{"name":"get number","decl":{"start":{"line":36,"column":4},"end":{"line":38,"column":5}},"loc":{"start":{"line":36,"column":4},"end":{"line":38,"column":5}},"line":36},"5":{"name":"get zip","decl":{"start":{"line":40,"column":4},"end":{"line":42,"column":5}},"loc":{"start":{"line":40,"column":4},"end":{"line":42,"column":5}},"line":40},"6":{"name":"get city","decl":{"start":{"line":44,"column":4},"end":{"line":46,"column":5}},"loc":{"start":{"line":44,"column":4},"end":{"line":46,"column":5}},"line":44},"7":{"name":"toString","decl":{"start":{"line":48,"column":4},"end":{"line":50,"column":5}},"loc":{"start":{"line":48,"column":4},"end":{"line":50,"column":5}},"line":48}},"f":{"0":18,"1":18,"2":18,"3":13,"4":13,"5":13,"6":13,"7":1}}
,"/home/iza/fullcycle/06-ddd/ddd-factory/src/domain/product/entity/product-b.ts": {"path":"/home/iza/fullcycle/06-ddd/ddd-factory/src/domain/product/entity/product-b.ts","all":false,"statementMap":{"0":{"start":{"line":1,"column":0},"end":{"line":1,"column":51}},"1":{"start":{"line":2,"column":0},"end":{"line":2,"column":0}},"2":{"start":{"line":3,"column":0},"end":{"line":3,"column":59}},"3":{"start":{"line":4,"column":0},"end":{"line":4,"column":0}},"4":{"start":{"line":5,"column":0},"end":{"line":5,"column":24}},"5":{"start":{"line":6,"column":0},"end":{"line":6,"column":26}},"6":{"start":{"line":7,"column":0},"end":{"line":7,"column":27}},"7":{"start":{"line":8,"column":0},"end":{"line":8,"column":0}},"8":{"start":{"line":9,"column":0},"end":{"line":9,"column":58}},"9":{"start":{"line":10,"column":0},"end":{"line":10,"column":22}},"10":{"start":{"line":11,"column":0},"end":{"line":11,"column":26}},"11":{"start":{"line":12,"column":0},"end":{"line":12,"column":28}},"12":{"start":{"line":13,"column":0},"end":{"line":13,"column":24}},"13":{"start":{"line":14,"column":0},"end":{"line":14,"column":5}},"14":{"start":{"line":15,"column":0},"end":{"line":15,"column":0}},"15":{"start":{"line":16,"column":0},"end":{"line":16,"column":0}},"16":{"start":{"line":17,"column":0},"end":{"line":17,"column":16}},"17":{"start":{"line":18,"column":0},"end":{"line":18,"column":0}},"18":{"start":{"line":19,"column":0},"end":{"line":19,"column":35}},"19":{"start":{"line":20,"column":0},"end":{"line":20,"column":46}},"20":{"start":{"line":21,"column":0},"end":{"line":21,"column":9}},"21":{"start":{"line":22,"column":0},"end":{"line":22,"column":37}},"22":{"start":{"line":23,"column":0},"end":{"line":23,"column":48}},"23":{"start":{"line":24,"column":0},"end":{"line":24,"column":9}},"24":{"start":{"line":25,"column":0},"end":{"line":25,"column":31}},"25":{"start":{"line":26,"column":0},"end":{"line":26,"column":63}},"26":{"start":{"line":27,"column":0},"end":{"line":27,"column":9}},"27":{"start":{"line":28,"column":0},"end":{"line":28,"column":5}},"28":{"start":{"line":29,"column":0},"end":{"line":29,"column":0}},"29":{"start":{"line":30,"column":0},"end":{"line":30,"column":22}},"30":{"start":{"line":31,"column":0},"end":{"line":31,"column":24}},"31":{"start":{"line":32,"column":0},"end":{"line":32,"column":5}},"32":{"start":{"line":33,"column":0},"end":{"line":33,"column":0}},"33":{"start":{"line":34,"column":0},"end":{"line":34,"column":24}},"34":{"start":{"line":35,"column":0},"end":{"line":35,"column":26}},"35":{"start":{"line":36,"column":0},"end":{"line":36,"column":5}},"36":{"start":{"line":37,"column":0},"end":{"line":37,"column":0}},"37":{"start":{"line":38,"column":0},"end":{"line":38,"column":25}},"38":{"start":{"line":39,"column":0},"end":{"line":39,"column":31}},"39":{"start":{"line":40,"column":0},"end":{"line":40,"column":5}},"40":{"start":{"line":41,"column":0},"end":{"line":41,"column":0}},"41":{"start":{"line":42,"column":0},"end":{"line":42,"column":30}},"42":{"start":{"line":43,"column":0},"end":{"line":43,"column":26}},"43":{"start":{"line":44,"column":0},"end":{"line":44,"column":24}},"44":{"start":{"line":45,"column":0},"end":{"line":45,"column":5}},"45":{"start":{"line":46,"column":0},"end":{"line":46,"column":0}},"46":{"start":{"line":47,"column":0},"end":{"line":47,"column":32}},"47":{"start":{"line":48,"column":0},"end":{"line":48,"column":28}},"48":{"start":{"line":49,"column":0},"end":{"line":49,"column":24}},"49":{"start":{"line":50,"column":0},"end":{"line":50,"column":5}},"50":{"start":{"line":51,"column":0},"end":{"line":51,"column":0}},"51":{"start":{"line":52,"column":0},"end":{"line":52,"column":1}}},"s":{"0":1,"1":1,"2":1,"3":1,"4":1,"5":1,"6":1,"7":1,"8":1,"9":1,"10":1,"11":1,"12":1,"13":1,"14":1,"15":1,"16":1,"17":1,"18":1,"19":0,"20":0,"21":1,"22":0,"23":0,"24":1,"25":0,"26":0,"27":1,"28":1,"29":1,"30":1,"31":1,"32":1,"33":1,"34":1,"35":1,"36":1,"37":1,"38":1,"39":1,"40":1,"41":1,"42":0,"43":0,"44":0,"45":1,"46":1,"47":0,"48":0,"49":0,"50":1,"51":1},"branchMap":{"0":{"type":"branch","line":9,"loc":{"start":{"line":9,"column":4},"end":{"line":14,"column":5}},"locations":[{"start":{"line":9,"column":4},"end":{"line":14,"column":5}}]},"1":{"type":"branch","line":17,"loc":{"start":{"line":17,"column":4},"end":{"line":28,"column":5}},"locations":[{"start":{"line":17,"column":4},"end":{"line":28,"column":5}}]},"2":{"type":"branch","line":19,"loc":{"start":{"line":19,"column":34},"end":{"line":21,"column":9}},"locations":[{"start":{"line":19,"column":34},"end":{"line":21,"column":9}}]},"3":{"type":"branch","line":22,"loc":{"start":{"line":22,"column":36},"end":{"line":24,"column":9}},"locations":[{"start":{"line":22,"column":36},"end":{"line":24,"column":9}}]},"4":{"type":"branch","line":25,"loc":{"start":{"line":25,"column":30},"end":{"line":27,"column":9}},"locations":[{"start":{"line":25,"column":30},"end":{"line":27,"column":9}}]},"5":{"type":"branch","line":30,"loc":{"start":{"line":30,"column":4},"end":{"line":32,"column":5}},"locations":[{"start":{"line":30,"column":4},"end":{"line":32,"column":5}}]},"6":{"type":"branch","line":34,"loc":{"start":{"line":34,"column":4},"end":{"line":36,"column":5}},"locations":[{"start":{"line":34,"column":4},"end":{"line":36,"column":5}}]},"7":{"type":"branch","line":38,"loc":{"start":{"line":38,"column":4},"end":{"line":40,"column":5}},"locations":[{"start":{"line":38,"column":4},"end":{"line":40,"column":5}}]}},"b":{"0":[1],"1":[1],"2":[0],"3":[0],"4":[0],"5":[1],"6":[1],"7":[1]},"fnMap":{"0":{"name":"ProductB","decl":{"start":{"line":9,"column":4},"end":{"line":14,"column":5}},"loc":{"start":{"line":9,"column":4},"end":{"line":14,"column":5}},"line":9},"1":{"name":"validate","decl":{"start":{"line":17,"column":4},"end":{"line":28,"column":5}},"loc":{"start":{"line":17,"column":4},"end":{"line":28,"column":5}},"line":17},"2":{"name":"get id","decl":{"start":{"line":30,"column":4},"end":{"line":32,"column":5}},"loc":{"start":{"line":30,"column":4},"end":{"line":32,"column":5}},"line":30},"3":{"name":"get name","decl":{"start":{"line":34,"column":4},"end":{"line":36,"column":5}},"loc":{"start":{"line":34,"column":4},"end":{"line":36,"column":5}},"line":34},"4":{"name":"get price","decl":{"start":{"line":38,"column":4},"end":{"line":40,"column":5}},"loc":{"start":{"line":38,"column":4},"end":{"line":40,"column":5}},"line":38},"5":{"name":"changeName","decl":{"start":{"line":42,"column":4},"end":{"line":45,"column":5}},"loc":{"start":{"line":42,"column":4},"end":{"line":45,"column":5}},"line":42},"6":{"name":"changePrice","decl":{"start":{"line":47,"column":4},"end":{"line":50,"column":5}},"loc":{"start":{"line":47,"column":4},"end":{"line":50,"column":5}},"line":47}},"f":{"0":1,"1":1,"2":1,"3":1,"4":1,"5":0,"6":0}}
,"/home/iza/fullcycle/06-ddd/ddd-factory/src/domain/product/entity/product.ts": {"path":"/home/iza/fullcycle/06-ddd/ddd-factory/src/domain/product/entity/product.ts","all":false,"statementMap":{"0":{"start":{"line":1,"column":0},"end":{"line":1,"column":51}},"1":{"start":{"line":2,"column":0},"end":{"line":2,"column":0}},"2":{"start":{"line":3,"column":0},"end":{"line":3,"column":58}},"3":{"start":{"line":4,"column":0},"end":{"line":4,"column":0}},"4":{"start":{"line":5,"column":0},"end":{"line":5,"column":24}},"5":{"start":{"line":6,"column":0},"end":{"line":6,"column":26}},"6":{"start":{"line":7,"column":0},"end":{"line":7,"column":27}},"7":{"start":{"line":8,"column":0},"end":{"line":8,"column":0}},"8":{"start":{"line":9,"column":0},"end":{"line":9,"column":58}},"9":{"start":{"line":10,"column":0},"end":{"line":10,"column":22}},"10":{"start":{"line":11,"column":0},"end":{"line":11,"column":26}},"11":{"start":{"line":12,"column":0},"end":{"line":12,"column":28}},"12":{"start":{"line":13,"column":0},"end":{"line":13,"column":24}},"13":{"start":{"line":14,"column":0},"end":{"line":14,"column":5}},"14":{"start":{"line":15,"column":0},"end":{"line":15,"column":0}},"15":{"start":{"line":16,"column":0},"end":{"line":16,"column":0}},"16":{"start":{"line":17,"column":0},"end":{"line":17,"column":16}},"17":{"start":{"line":18,"column":0},"end":{"line":18,"column":0}},"18":{"start":{"line":19,"column":0},"end":{"line":19,"column":35}},"19":{"start":{"line":20,"column":0},"end":{"line":20,"column":46}},"20":{"start":{"line":21,"column":0},"end":{"line":21,"column":9}},"21":{"start":{"line":22,"column":0},"end":{"line":22,"column":37}},"22":{"start":{"line":23,"column":0},"end":{"line":23,"column":48}},"23":{"start":{"line":24,"column":0},"end":{"line":24,"column":9}},"24":{"start":{"line":25,"column":0},"end":{"line":25,"column":31}},"25":{"start":{"line":26,"column":0},"end":{"line":26,"column":63}},"26":{"start":{"line":27,"column":0},"end":{"line":27,"column":9}},"27":{"start":{"line":28,"column":0},"end":{"line":28,"column":5}},"28":{"start":{"line":29,"column":0},"end":{"line":29,"column":0}},"29":{"start":{"line":30,"column":0},"end":{"line":30,"column":22}},"30":{"start":{"line":31,"column":0},"end":{"line":31,"column":24}},"31":{"start":{"line":32,"column":0},"end":{"line":32,"column":5}},"32":{"start":{"line":33,"column":0},"end":{"line":33,"column":0}},"33":{"start":{"line":34,"column":0},"end":{"line":34,"column":24}},"34":{"start":{"line":35,"column":0},"end":{"line":35,"column":26}},"35":{"start":{"line":36,"column":0},"end":{"line":36,"column":5}},"36":{"start":{"line":37,"column":0},"end":{"line":37,"column":0}},"37":{"start":{"line":38,"column":0},"end":{"line":38,"column":25}},"38":{"start":{"line":39,"column":0},"end":{"line":39,"column":27}},"39":{"start":{"line":40,"column":0},"end":{"line":40,"column":5}},"40":{"start":{"line":41,"column":0},"end":{"line":41,"column":0}},"41":{"start":{"line":42,"column":0},"end":{"line":42,"column":30}},"42":{"start":{"line":43,"column":0},"end":{"line":43,"column":26}},"43":{"start":{"line":44,"column":0},"end":{"line":44,"column":24}},"44":{"start":{"line":45,"column":0},"end":{"line":45,"column":5}},"45":{"start":{"line":46,"column":0},"end":{"line":46,"column":0}},"46":{"start":{"line":47,"column":0},"end":{"line":47,"column":32}},"47":{"start":{"line":48,"column":0},"end":{"line":48,"column":28}},"48":{"start":{"line":49,"column":0},"end":{"line":49,"column":24}},"49":{"start":{"line":50,"column":0},"end":{"line":50,"column":5}},"50":{"start":{"line":51,"column":0},"end":{"line":51,"column":0}},"51":{"start":{"line":52,"column":0},"end":{"line":52,"column":1}}},"s":{"0":1,"1":1,"2":1,"3":1,"4":1,"5":1,"6":1,"7":1,"8":1,"9":23,"10":23,"11":23,"12":23,"13":23,"14":1,"15":1,"16":1,"17":29,"18":29,"19":1,"20":1,"21":29,"22":1,"23":1,"24":29,"25":2,"26":2,"27":29,"28":1,"29":1,"30":20,"31":20,"32":1,"33":1,"34":21,"35":21,"36":1,"37":1,"38":27,"39":27,"40":1,"41":1,"42":2,"43":2,"44":2,"45":1,"46":1,"47":4,"48":4,"49":4,"50":1,"51":1},"branchMap":{"0":{"type":"branch","line":9,"loc":{"start":{"line":9,"column":4},"end":{"line":14,"column":5}},"locations":[{"start":{"line":9,"column":4},"end":{"line":14,"column":5}}]},"1":{"type":"branch","line":17,"loc":{"start":{"line":17,"column":4},"end":{"line":28,"column":5}},"locations":[{"start":{"line":17,"column":4},"end":{"line":28,"column":5}}]},"2":{"type":"branch","line":19,"loc":{"start":{"line":19,"column":34},"end":{"line":21,"column":9}},"locations":[{"start":{"line":19,"column":34},"end":{"line":21,"column":9}}]},"3":{"type":"branch","line":22,"loc":{"start":{"line":22,"column":36},"end":{"line":24,"column":9}},"locations":[{"start":{"line":22,"column":36},"end":{"line":24,"column":9}}]},"4":{"type":"branch","line":25,"loc":{"start":{"line":25,"column":-1},"end":{"line":25,"column":30}},"locations":[{"start":{"line":25,"column":-1},"end":{"line":25,"column":30}}]},"5":{"type":"branch","line":25,"loc":{"start":{"line":25,"column":30},"end":{"line":27,"column":9}},"locations":[{"start":{"line":25,"column":30},"end":{"line":27,"column":9}}]},"6":{"type":"branch","line":30,"loc":{"start":{"line":30,"column":4},"end":{"line":32,"column":5}},"locations":[{"start":{"line":30,"column":4},"end":{"line":32,"column":5}}]},"7":{"type":"branch","line":34,"loc":{"start":{"line":34,"column":4},"end":{"line":36,"column":5}},"locations":[{"start":{"line":34,"column":4},"end":{"line":36,"column":5}}]},"8":{"type":"branch","line":38,"loc":{"start":{"line":38,"column":4},"end":{"line":40,"column":5}},"locations":[{"start":{"line":38,"column":4},"end":{"line":40,"column":5}}]},"9":{"type":"branch","line":42,"loc":{"start":{"line":42,"column":4},"end":{"line":45,"column":5}},"locations":[{"start":{"line":42,"column":4},"end":{"line":45,"column":5}}]},"10":{"type":"branch","line":47,"loc":{"start":{"line":47,"column":4},"end":{"line":50,"column":5}},"locations":[{"start":{"line":47,"column":4},"end":{"line":50,"column":5}}]}},"b":{"0":[23],"1":[29],"2":[1],"3":[1],"4":[27],"5":[2],"6":[20],"7":[21],"8":[27],"9":[2],"10":[4]},"fnMap":{"0":{"name":"Product","decl":{"start":{"line":9,"column":4},"end":{"line":14,"column":5}},"loc":{"start":{"line":9,"column":4},"end":{"line":14,"column":5}},"line":9},"1":{"name":"validate","decl":{"start":{"line":17,"column":4},"end":{"line":28,"column":5}},"loc":{"start":{"line":17,"column":4},"end":{"line":28,"column":5}},"line":17},"2":{"name":"get id","decl":{"start":{"line":30,"column":4},"end":{"line":32,"column":5}},"loc":{"start":{"line":30,"column":4},"end":{"line":32,"column":5}},"line":30},"3":{"name":"get name","decl":{"start":{"line":34,"column":4},"end":{"line":36,"column":5}},"loc":{"start":{"line":34,"column":4},"end":{"line":36,"column":5}},"line":34},"4":{"name":"get price","decl":{"start":{"line":38,"column":4},"end":{"line":40,"column":5}},"loc":{"start":{"line":38,"column":4},"end":{"line":40,"column":5}},"line":38},"5":{"name":"changeName","decl":{"start":{"line":42,"column":4},"end":{"line":45,"column":5}},"loc":{"start":{"line":42,"column":4},"end":{"line":45,"column":5}},"line":42},"6":{"name":"changePrice","decl":{"start":{"line":47,"column":4},"end":{"line":50,"column":5}},"loc":{"start":{"line":47,"column":4},"end":{"line":50,"column":5}},"line":47}},"f":{"0":23,"1":29,"2":20,"3":21,"4":27,"5":2,"6":4}}
,"/home/iza/fullcycle/06-ddd/ddd-factory/src/domain/product/event/product-created.event.ts": {"path":"/home/iza/fullcycle/06-ddd/ddd-factory/src/domain/product/event/product-created.event.ts","all":false,"statementMap":{"0":{"start":{"line":1,"column":0},"end":{"line":1,"column":65}},"1":{"start":{"line":2,"column":0},"end":{"line":2,"column":0}},"2":{"start":{"line":3,"column":0},"end":{"line":3,"column":68}},"3":{"start":{"line":4,"column":0},"end":{"line":4,"column":0}},"4":{"start":{"line":5,"column":0},"end":{"line":5,"column":27}},"5":{"start":{"line":6,"column":0},"end":{"line":6,"column":19}},"6":{"start":{"line":7,"column":0},"end":{"line":7,"column":0}},"7":{"start":{"line":8,"column":0},"end":{"line":8,"column":33}},"8":{"start":{"line":9,"column":0},"end":{"line":9,"column":43}},"9":{"start":{"line":10,"column":0},"end":{"line":10,"column":35}},"10":{"start":{"line":11,"column":0},"end":{"line":11,"column":5}},"11":{"start":{"line":12,"column":0},"end":{"line":12,"column":0}},"12":{"start":{"line":13,"column":0},"end":{"line":13,"column":1}}},"s":{"0":1,"1":1,"2":1,"3":1,"4":1,"5":1,"6":1,"7":1,"8":1,"9":1,"10":1,"11":1,"12":1},"branchMap":{"0":{"type":"branch","line":8,"loc":{"start":{"line":8,"column":4},"end":{"line":11,"column":5}},"locations":[{"start":{"line":8,"column":4},"end":{"line":11,"column":5}}]}},"b":{"0":[1]},"fnMap":{"0":{"name":"ProductCreatedEvent","decl":{"start":{"line":8,"column":4},"end":{"line":11,"column":5}},"loc":{"start":{"line":8,"column":4},"end":{"line":11,"column":5}},"line":8}},"f":{"0":1}}
,"/home/iza/fullcycle/06-ddd/ddd-factory/src/domain/product/event/handler/send-email-product-created.handler.ts": {"path":"/home/iza/fullcycle/06-ddd/ddd-factory/src/domain/product/event/handler/send-email-product-created.handler.ts","all":false,"statementMap":{"0":{"start":{"line":1,"column":0},"end":{"line":1,"column":83}},"1":{"start":{"line":2,"column":0},"end":{"line":2,"column":59}},"2":{"start":{"line":3,"column":0},"end":{"line":3,"column":0}},"3":{"start":{"line":4,"column":0},"end":{"line":4,"column":112}},"4":{"start":{"line":5,"column":0},"end":{"line":5,"column":46}},"5":{"start":{"line":6,"column":0},"end":{"line":6,"column":46}},"6":{"start":{"line":7,"column":0},"end":{"line":7,"column":5}},"7":{"start":{"line":8,"column":0},"end":{"line":8,"column":1}}},"s":{"0":1,"1":1,"2":1,"3":1,"4":1,"5":1,"6":1,"7":1},"branchMap":{"0":{"type":"branch","line":5,"loc":{"start":{"line":5,"column":4},"end":{"line":7,"column":5}},"locations":[{"start":{"line":5,"column":4},"end":{"line":7,"column":5}}]}},"b":{"0":[1]},"fnMap":{"0":{"name":"handle","decl":{"start":{"line":5,"column":4},"end":{"line":7,"column":5}},"loc":{"start":{"line":5,"column":4},"end":{"line":7,"column":5}},"line":5}},"f":{"0":1}}
,"/home/iza/fullcycle/06-ddd/ddd-factory/src/domain/product/factory/product.factory.ts": {"path":"/home/iza/fullcycle/06-ddd/ddd-factory/src/domain/product/factory/product.factory.ts","all":false,"statementMap":{"0":{"start":{"line":1,"column":0},"end":{"line":1,"column":40}},"1":{"start":{"line":2,"column":0},"end":{"line":2,"column":59}},"2":{"start":{"line":3,"column":0},"end":{"line":3,"column":34}},"3":{"start":{"line":4,"column":0},"end":{"line":4,"column":43}},"4":{"start":{"line":5,"column":0},"end":{"line":5,"column":0}},"5":{"start":{"line":6,"column":0},"end":{"line":6,"column":37}},"6":{"start":{"line":7,"column":0},"end":{"line":7,"column":80}},"7":{"start":{"line":8,"column":0},"end":{"line":8,"column":0}},"8":{"start":{"line":9,"column":0},"end":{"line":9,"column":23}},"9":{"start":{"line":10,"column":0},"end":{"line":10,"column":0}},"10":{"start":{"line":11,"column":0},"end":{"line":11,"column":21}},"11":{"start":{"line":12,"column":0},"end":{"line":12,"column":56}},"12":{"start":{"line":13,"column":0},"end":{"line":13,"column":21}},"13":{"start":{"line":14,"column":0},"end":{"line":14,"column":57}},"14":{"start":{"line":15,"column":0},"end":{"line":15,"column":20}},"15":{"start":{"line":16,"column":0},"end":{"line":16,"column":62}},"16":{"start":{"line":17,"column":0},"end":{"line":17,"column":0}},"17":{"start":{"line":18,"column":0},"end":{"line":18,"column":9}},"18":{"start":{"line":19,"column":0},"end":{"line":19,"column":0}},"19":{"start":{"line":20,"column":0},"end":{"line":20,"column":5}},"20":{"start":{"line":21,"column":0},"end":{"line":21,"column":1}}},"s":{"0":1,"1":1,"2":1,"3":1,"4":1,"5":1,"6":1,"7":3,"8":3,"9":3,"10":3,"11":1,"12":3,"13":1,"14":3,"15":1,"16":3,"17":3,"18":3,"19":3,"20":1},"branchMap":{"0":{"type":"branch","line":7,"loc":{"start":{"line":7,"column":11},"end":{"line":20,"column":5}},"locations":[{"start":{"line":7,"column":11},"end":{"line":20,"column":5}}]},"1":{"type":"branch","line":11,"loc":{"start":{"line":11,"column":12},"end":{"line":12,"column":56}},"locations":[{"start":{"line":11,"column":12},"end":{"line":12,"column":56}}]},"2":{"type":"branch","line":13,"loc":{"start":{"line":13,"column":12},"end":{"line":14,"column":57}},"locations":[{"start":{"line":13,"column":12},"end":{"line":14,"column":57}}]},"3":{"type":"branch","line":15,"loc":{"start":{"line":15,"column":12},"end":{"line":16,"column":62}},"locations":[{"start":{"line":15,"column":12},"end":{"line":16,"column":62}}]}},"b":{"0":[3],"1":[1],"2":[1],"3":[1]},"fnMap":{"0":{"name":"create","decl":{"start":{"line":7,"column":11},"end":{"line":20,"column":5}},"loc":{"start":{"line":7,"column":11},"end":{"line":20,"column":5}},"line":7}},"f":{"0":3}}
,"/home/iza/fullcycle/06-ddd/ddd-factory/src/domain/product/service/product-service.ts": {"path":"/home/iza/fullcycle/06-ddd/ddd-factory/src/domain/product/service/product-service.ts","all":false,"statementMap":{"0":{"start":{"line":1,"column":0},"end":{"line":1,"column":40}},"1":{"start":{"line":2,"column":0},"end":{"line":2,"column":0}},"2":{"start":{"line":3,"column":0},"end":{"line":3,"column":37}},"3":{"start":{"line":4,"column":0},"end":{"line":4,"column":67}},"4":{"start":{"line":5,"column":0},"end":{"line":5,"column":39}},"5":{"start":{"line":6,"column":0},"end":{"line":6,"column":84}},"6":{"start":{"line":7,"column":0},"end":{"line":7,"column":11}},"7":{"start":{"line":8,"column":0},"end":{"line":8,"column":24}},"8":{"start":{"line":9,"column":0},"end":{"line":9,"column":5}},"9":{"start":{"line":10,"column":0},"end":{"line":10,"column":0}},"10":{"start":{"line":11,"column":0},"end":{"line":11,"column":1}}},"s":{"0":1,"1":1,"2":1,"3":1,"4":1,"5":2,"6":1,"7":1,"8":1,"9":1,"10":1},"branchMap":{"0":{"type":"branch","line":4,"loc":{"start":{"line":4,"column":11},"end":{"line":9,"column":5}},"locations":[{"start":{"line":4,"column":11},"end":{"line":9,"column":5}}]},"1":{"type":"branch","line":5,"loc":{"start":{"line":5,"column":25},"end":{"line":7,"column":10}},"locations":[{"start":{"line":5,"column":25},"end":{"line":7,"column":10}}]}},"b":{"0":[1],"1":[2]},"fnMap":{"0":{"name":"increasePrice","decl":{"start":{"line":4,"column":11},"end":{"line":9,"column":5}},"loc":{"start":{"line":4,"column":11},"end":{"line":9,"column":5}},"line":4}},"f":{"0":1}}
,"/home/iza/fullcycle/06-ddd/ddd-factory/src/infrastructure/customer/repository/sequelize/customer-model.ts": {"path":"/home/iza/fullcycle/06-ddd/ddd-factory/src/infrastructure/customer/repository/sequelize/customer-model.ts","all":false,"statementMap":{"0":{"start":{"line":1,"column":0},"end":{"line":1,"column":8}},"1":{"start":{"line":2,"column":0},"end":{"line":2,"column":10}},"2":{"start":{"line":3,"column":0},"end":{"line":3,"column":10}},"3":{"start":{"line":4,"column":0},"end":{"line":4,"column":15}},"4":{"start":{"line":5,"column":0},"end":{"line":5,"column":10}},"5":{"start":{"line":6,"column":0},"end":{"line":6,"column":30}},"6":{"start":{"line":7,"column":0},"end":{"line":7,"column":0}},"7":{"start":{"line":8,"column":0},"end":{"line":8,"column":8}},"8":{"start":{"line":9,"column":0},"end":{"line":9,"column":27}},"9":{"start":{"line":10,"column":0},"end":{"line":10,"column":22}},"10":{"start":{"line":11,"column":0},"end":{"line":11,"column":2}},"11":{"start":{"line":12,"column":0},"end":{"line":12,"column":50}},"12":{"start":{"line":13,"column":0},"end":{"line":13,"column":15}},"13":{"start":{"line":14,"column":0},"end":{"line":14,"column":11}},"14":{"start":{"line":15,"column":0},"end":{"line":15,"column":23}},"15":{"start":{"line":16,"column":0},"end":{"line":16,"column":0}},"16":{"start":{"line":17,"column":0},"end":{"line":17,"column":33}},"17":{"start":{"line":18,"column":0},"end":{"line":18,"column":25}},"18":{"start":{"line":19,"column":0},"end":{"line":19,"column":0}},"19":{"start":{"line":20,"column":0},"end":{"line":20,"column":33}},"20":{"start":{"line":21,"column":0},"end":{"line":21,"column":27}},"21":{"start":{"line":22,"column":0},"end":{"line":22,"column":0}},"22":{"start":{"line":23,"column":0},"end":{"line":23,"column":33}},"23":{"start":{"line":24,"column":0},"end":{"line":24,"column":27}},"24":{"start":{"line":25,"column":0},"end":{"line":25,"column":0}},"25":{"start":{"line":26,"column":0},"end":{"line":26,"column":33}},"26":{"start":{"line":27,"column":0},"end":{"line":27,"column":28}},"27":{"start":{"line":28,"column":0},"end":{"line":28,"column":0}},"28":{"start":{"line":29,"column":0},"end":{"line":29,"column":33}},"29":{"start":{"line":30,"column":0},"end":{"line":30,"column":25}},"30":{"start":{"line":31,"column":0},"end":{"line":31,"column":0}},"31":{"start":{"line":32,"column":0},"end":{"line":32,"column":33}},"32":{"start":{"line":33,"column":0},"end":{"line":33,"column":28}},"33":{"start":{"line":34,"column":0},"end":{"line":34,"column":0}},"34":{"start":{"line":35,"column":0},"end":{"line":35,"column":33}},"35":{"start":{"line":36,"column":0},"end":{"line":36,"column":33}},"36":{"start":{"line":37,"column":0},"end":{"line":37,"column":1}}},"s":{"0":1,"1":1,"2":1,"3":1,"4":1,"5":1,"6":1,"7":1,"8":1,"9":1,"10":1,"11":1,"12":1,"13":1,"14":1,"15":1,"16":1,"17":1,"18":1,"19":1,"20":1,"21":1,"22":1,"23":1,"24":1,"25":1,"26":1,"27":1,"28":1,"29":1,"30":1,"31":1,"32":1,"33":1,"34":1,"35":1,"36":1},"branchMap":{},"b":{},"fnMap":{},"f":{}}
,"/home/iza/fullcycle/06-ddd/ddd-factory/src/infrastructure/customer/repository/sequelize/customer-repository.ts": {"path":"/home/iza/fullcycle/06-ddd/ddd-factory/src/infrastructure/customer/repository/sequelize/customer-repository.ts","all":false,"statementMap":{"0":{"start":{"line":1,"column":0},"end":{"line":1,"column":67}},"1":{"start":{"line":2,"column":0},"end":{"line":2,"column":111}},"2":{"start":{"line":3,"column":0},"end":{"line":3,"column":71}},"3":{"start":{"line":4,"column":0},"end":{"line":4,"column":45}},"4":{"start":{"line":5,"column":0},"end":{"line":5,"column":0}},"5":{"start":{"line":6,"column":0},"end":{"line":6,"column":80}},"6":{"start":{"line":7,"column":0},"end":{"line":7,"column":51}},"7":{"start":{"line":8,"column":0},"end":{"line":8,"column":0}},"8":{"start":{"line":9,"column":0},"end":{"line":9,"column":36}},"9":{"start":{"line":10,"column":0},"end":{"line":10,"column":26}},"10":{"start":{"line":11,"column":0},"end":{"line":11,"column":30}},"11":{"start":{"line":12,"column":0},"end":{"line":12,"column":42}},"12":{"start":{"line":13,"column":0},"end":{"line":13,"column":42}},"13":{"start":{"line":14,"column":0},"end":{"line":14,"column":40}},"14":{"start":{"line":15,"column":0},"end":{"line":15,"column":38}},"15":{"start":{"line":16,"column":0},"end":{"line":16,"column":38}},"16":{"start":{"line":17,"column":0},"end":{"line":17,"column":46}},"17":{"start":{"line":18,"column":0},"end":{"line":18,"column":11}},"18":{"start":{"line":19,"column":0},"end":{"line":19,"column":5}},"19":{"start":{"line":20,"column":0},"end":{"line":20,"column":51}},"20":{"start":{"line":21,"column":0},"end":{"line":21,"column":35}},"21":{"start":{"line":22,"column":0},"end":{"line":22,"column":13}},"22":{"start":{"line":23,"column":0},"end":{"line":23,"column":34}},"23":{"start":{"line":24,"column":0},"end":{"line":24,"column":46}},"24":{"start":{"line":25,"column":0},"end":{"line":25,"column":46}},"25":{"start":{"line":26,"column":0},"end":{"line":26,"column":44}},"26":{"start":{"line":27,"column":0},"end":{"line":27,"column":42}},"27":{"start":{"line":28,"column":0},"end":{"line":28,"column":42}},"28":{"start":{"line":29,"column":0},"end":{"line":29,"column":50}},"29":{"start":{"line":30,"column":0},"end":{"line":30,"column":14}},"30":{"start":{"line":31,"column":0},"end":{"line":31,"column":13}},"31":{"start":{"line":32,"column":0},"end":{"line":32,"column":24}},"32":{"start":{"line":33,"column":0},"end":{"line":33,"column":34}},"33":{"start":{"line":34,"column":0},"end":{"line":34,"column":18}},"34":{"start":{"line":35,"column":0},"end":{"line":35,"column":13}},"35":{"start":{"line":36,"column":0},"end":{"line":36,"column":10}},"36":{"start":{"line":37,"column":0},"end":{"line":37,"column":5}},"37":{"start":{"line":38,"column":0},"end":{"line":38,"column":47}},"38":{"start":{"line":39,"column":0},"end":{"line":39,"column":26}},"39":{"start":{"line":40,"column":0},"end":{"line":40,"column":13}},"40":{"start":{"line":41,"column":0},"end":{"line":41,"column":57}},"41":{"start":{"line":42,"c
[...]
{"line":10,"column":82}},"10":{"start":{"line":11,"column":0},"end":{"line":11,"column":48}},"11":{"start":{"line":12,"column":0},"end":{"line":12,"column":0}},"12":{"start":{"line":13,"column":0},"end":{"line":13,"column":8}},"13":{"start":{"line":14,"column":0},"end":{"line":14,"column":24}},"14":{"start":{"line":15,"column":0},"end":{"line":15,"column":22}},"15":{"start":{"line":16,"column":0},"end":{"line":16,"column":2}},"16":{"start":{"line":17,"column":0},"end":{"line":17,"column":47}},"17":{"start":{"line":18,"column":0},"end":{"line":18,"column":15}},"18":{"start":{"line":19,"column":0},"end":{"line":19,"column":11}},"19":{"start":{"line":20,"column":0},"end":{"line":20,"column":23}},"20":{"start":{"line":21,"column":0},"end":{"line":21,"column":0}},"21":{"start":{"line":22,"column":0},"end":{"line":22,"column":36}},"22":{"start":{"line":23,"column":0},"end":{"line":23,"column":33}},"23":{"start":{"line":24,"column":0},"end":{"line":24,"column":32}},"24":{"start":{"line":25,"column":0},"end":{"line":25,"column":0}},"25":{"start":{"line":26,"column":0},"end":{"line":26,"column":35}},"26":{"start":{"line":27,"column":0},"end":{"line":27,"column":36}},"27":{"start":{"line":28,"column":0},"end":{"line":28,"column":0}},"28":{"start":{"line":29,"column":0},"end":{"line":29,"column":34}},"29":{"start":{"line":30,"column":0},"end":{"line":30,"column":36}},"30":{"start":{"line":31,"column":0},"end":{"line":31,"column":0}},"31":{"start":{"line":32,"column":0},"end":{"line":32,"column":33}},"32":{"start":{"line":33,"column":0},"end":{"line":33,"column":26}},"33":{"start":{"line":34,"column":0},"end":{"line":34,"column":0}},"34":{"start":{"line":35,"column":0},"end":{"line":35,"column":0}},"35":{"start":{"line":36,"column":0},"end":{"line":36,"column":1}}},"s":{"0":1,"1":1,"2":1,"3":1,"4":1,"5":1,"6":1,"7":1,"8":1,"9":1,"10":1,"11":1,"12":1,"13":1,"14":1,"15":1,"16":1,"17":1,"18":1,"19":1,"20":1,"21":1,"22":1,"23":1,"24":1,"25":1,"26":1,"27":1,"28":1,"29":1,"30":1,"31":1,"32":1,"33":1,"34":1,"35":1},"branchMap":{"0":{"type":"branch","line":27,"loc":{"start":{"line":27,"column":35},"end":{"line":27,"column":36}},"locations":[{"start":{"line":27,"column":35},"end":{"line":27,"column":36}}]},"1":{"type":"branch","line":22,"loc":{"start":{"line":22,"column":16},"end":{"line":22,"column":36}},"locations":[{"start":{"line":22,"column":16},"end":{"line":22,"column":36}}]},"2":{"type":"branch","line":26,"loc":{"start":{"line":26,"column":15},"end":{"line":26,"column":35}},"locations":[{"start":{"line":26,"column":15},"end":{"line":26,"column":35}}]},"3":{"type":"branch","line":29,"loc":{"start":{"line":29,"column":13},"end":{"line":29,"column":34}},"locations":[{"start":{"line":29,"column":13},"end":{"line":29,"column":34}}]}},"b":{"0":[0],"1":[4],"2":[13],"3":[13]},"fnMap":{},"f":{}}
,"/home/iza/fullcycle/06-ddd/ddd-factory/src/infrastructure/order/repository/sequelize/order-repository.ts": {"path":"/home/iza/fullcycle/06-ddd/ddd-factory/src/infrastructure/order/repository/sequelize/order-repository.ts","all":false,"statementMap":{"0":{"start":{"line":1,"column":0},"end":{"line":1,"column":61}},"1":{"start":{"line":2,"column":0},"end":{"line":2,"column":70}},"2":{"start":{"line":3,"column":0},"end":{"line":3,"column":105}},"3":{"start":{"line":4,"column":0},"end":{"line":4,"column":48}},"4":{"start":{"line":5,"column":0},"end":{"line":5,"column":39}},"5":{"start":{"line":6,"column":0},"end":{"line":6,"column":0}},"6":{"start":{"line":7,"column":0},"end":{"line":7,"column":74}},"7":{"start":{"line":8,"column":0},"end":{"line":8,"column":48}},"8":{"start":{"line":9,"column":0},"end":{"line":9,"column":32}},"9":{"start":{"line":10,"column":0},"end":{"line":10,"column":13}},"10":{"start":{"line":11,"column":0},"end":{"line":11,"column":30}},"11":{"start":{"line":12,"column":0},"end":{"line":12,"column":47}},"12":{"start":{"line":13,"column":0},"end":{"line":13,"column":38}},"13":{"start":{"line":14,"column":0},"end":{"line":14,"column":52}},"14":{"start":{"line":15,"column":0},"end":{"line":15,"column":32}},"15":{"start":{"line":16,"column":0},"end":{"line":16,"column":36}},"16":{"start":{"line":17,"column":0},"end":{"line":17,"column":38}},"17":{"start":{"line":18,"column":0},"end":{"line":18,"column":47}},"18":{"start":{"line":19,"column":0},"end":{"line":19,"column":44}},"19":{"start":{"line":20,"column":0},"end":{"line":20,"column":20}},"20":{"start":{"line":21,"column":0},"end":{"line":21,"column":14}},"21":{"start":{"line":22,"column":0},"end":{"line":22,"column":13}},"22":{"start":{"line":23,"column":0},"end":{"line":23,"column":53}},"23":{"start":{"line":24,"column":0},"end":{"line":24,"column":13}},"24":{"start":{"line":25,"column":0},"end":{"line":25,"column":10}},"25":{"start":{"line":26,"column":0},"end":{"line":26,"column":5}},"26":{"start":{"line":27,"column":0},"end":{"line":27,"column":48}},"27":{"start":{"line":28,"column":0},"end":{"line":28,"column":0}},"28":{"start":{"line":29,"column":0},"end":{"line":29,"column":73}},"29":{"start":{"line":30,"column":0},"end":{"line":30,"column":0}},"30":{"start":{"line":31,"column":0},"end":{"line":31,"column":32}},"31":{"start":{"line":32,"column":0},"end":{"line":32,"column":13}},"32":{"start":{"line":33,"column":0},"end":{"line":33,"column":30}},"33":{"start":{"line":34,"column":0},"end":{"line":34,"column":47}},"34":{"start":{"line":35,"column":0},"end":{"line":35,"column":37}},"35":{"start":{"line":36,"column":0},"end":{"line":36,"column":14}},"36":{"start":{"line":37,"column":0},"end":{"line":37,"column":13}},"37":{"start":{"line":38,"column":0},"end":{"line":38,"column":24}},"38":{"start":{"line":39,"column":0},"end":{"line":39,"column":34}},"39":{"start":{"line":40,"column":0},"end":{"line":40,"column":17}},"40":{"start":{"line":41,"column":0},"end":{"line":41,"column":13}},"41":{"start":{"line":42,"column":0},"end":{"line":42,"column":10}},"42":{"start":{"line":43,"column":0},"end":{"line":43,"column":0}},"43":{"start":{"line":44,"column":0},"end":{"line":44,"column":36}},"44":{"start":{"line":45,"column":0},"end":{"line":45,"column":35}},"45":{"start":{"line":46,"column":0},"end":{"line":46,"column":28}},"46":{"start":{"line":47,"column":0},"end":{"line":47,"column":32}},"47":{"start":{"line":48,"column":0},"end":{"line":48,"column":34}},"48":{"start":{"line":49,"column":0},"end":{"line":49,"column":43}},"49":{"start":{"line":50,"column":0},"end":{"line":50,"column":40}},"50":{"start":{"line":51,"column":0},"end":{"line":51,"column":35}},"51":{"start":{"line":52,"column":0},"end":{"line":52,"column":15}},"52":{"start":{"line":53,"column":0},"end":{"line":53,"column":11}},"53":{"start":{"line":54,"column":0},"end":{"line":54,"column":0}},"54":{"start":{"line":55,"column":0},"end":{"line":55,"column":0}},"55":{"start":{"line":56,"column":0},"end":{"line":56,"column":5}},"56":{"start":{"line":57,"column":0},"end":{"line":57,"column":44}},"57":{"start":{"line":58,"column":0},"end":{"line":58,"column":23}},"58":{"start":{"line":59,"column":0},"end":{"line":59,"column":13}},"59":{"start":{"line":60,"column":0},"end":{"line":60,"column":51}},"60":{"start":{"line":61,"column":0},"end":{"line":61,"column":24}},"61":{"start":{"line":62,"column":0},"end":{"line":62,"column":23}},"62":{"start":{"line":63,"column":0},"end":{"line":63,"column":18}},"63":{"start":{"line":64,"column":0},"end":{"line":64,"column":36}},"64":{"start":{"line":65,"column":0},"end":{"line":65,"column":34}},"65":{"start":{"line":66,"column":0},"end":{"line":66,"column":15}},"66":{"start":{"line":67,"column":0},"end":{"line":67,"column":25}},"67":{"start":{"line":68,"column":0},"end":{"line":68,"column":47}},"68":{"start":{"line":69,"column":0},"end":{"line":69,"column":9}},"69":{"start":{"line":70,"column":0},"end":{"line":70,"column":0}},"70":{"start":{"line":71,"column":0},"end":{"line":71,"column":36}},"71":{"start":{"line":72,"column":0},"end":{"line":72,"column":50}},"72":{"start":{"line":73,"column":0},"end":{"line":73,"column":0}},"73":{"start":{"line":74,"column":0},"end":{"line":74,"column":182}},"74":{"start":{"line":75,"column":0},"end":{"line":75,"column":34}},"75":{"start":{"line":76,"column":0},"end":{"line":76,"column":11}},"76":{"start":{"line":77,"column":0},"end":{"line":77,"column":0}},"77":{"start":{"line":78,"column":0},"end":{"line":78,"column":76}},"78":{"start":{"line":79,"column":0},"end":{"line":79,"column":21}},"79":{"start":{"line":80,"column":0},"end":{"line":80,"column":0}},"80":{"start":{"line":81,"column":0},"end":{"line":81,"column":5}},"81":{"start":{"line":82,"column":0},"end":{"line":82,"column":39}},"82":{"start":{"line":83,"column":0},"end":{"line":83,"column":77}},"83":{"start":{"line":84,"column":0},"end":{"line":84,"column":33}},"84":{"start":{"line":85,"column":0},"end":{"line":85,"column":0}},"85":{"start":{"line":86,"column":0},"end":{"line":86,"column":41}},"86":{"start":{"line":87,"column":0},"end":{"line":87,"column":40}},"87":{"start":{"line":88,"column":0},"end":{"line":88,"column":0}},"88":{"start":{"line":89,"column":0},"end":{"line":89,"column":54}},"89":{"start":{"line":90,"column":0},"end":{"line":90,"column":0}},"90":{"start":{"line":91,"column":0},"end":{"line":91,"column":186}},"91":{"start":{"line":92,"column":0},"end":{"line":92,"column":38}},"92":{"start":{"line":93,"column":0},"end":{"line":93,"column":15}},"93":{"start":{"line":94,"column":0},"end":{"line":94,"column":0}},"94":{"start":{"line":95,"column":0},"end":{"line":95,"column":80}},"95":{"start":{"line":96,"column":0},"end":{"line":96,"column":0}},"96":{"start":{"line":97,"column":0},"end":{"line":97,"column":31}},"97":{"start":{"line":98,"column":0},"end":{"line":98,"column":11}},"98":{"start":{"line":99,"column":0},"end":{"line":99,"column":0}},"99":{"start":{"line":100,"column":0},"end":{"line":100,"column":22}},"100":{"start":{"line":101,"column":0},"end":{"line":101,"column":5}},"101":{"start":{"line":102,"column":0},"end":{"line":102,"column":0}},"102":{"start":{"line":103,"column":0},"end":{"line":103,"column":0}},"103":{"start":{"line":104,"column":0},"end":{"line":104,"column":1}}},"s":{"0":1,"1":1,"2":1,"3":1,"4":1,"5":1,"6":1,"7":1,"8":5,"9":5,"10":5,"11":5,"12":5,"13":5,"14":5,"15":5,"16":5,"17":5,"18":5,"19":5,"20":5,"21":5,"22":5,"23":5,"24":5,"25":5,"26":1,"27":1,"28":1,"29":1,"30":1,"31":1,"32":1,"33":1,"34":1,"35":1,"36":1,"37":1,"38":1,"39":1,"40":1,"41":1,"42":1,"43":1,"44":2,"45":2,"46":2,"47":2,"48":2,"49":2,"50":2,"51":2,"52":1,"53":1,"54":1,"55":1,"56":1,"57":1,"58":1,"59":1,"60":1,"61":1,"62":1,"63":1,"64":1,"65":1,"66":1,"67":0,"68":0,"69":1,"70":1,"71":1,"72":1,"73":1,"74":1,"75":1,"76":1,"77":1,"78":1,"79":1,"80":1,"81":1,"82":1,"83":1,"84":1,"85":1,"86":2,"87":2,"88":2,"89":2,"90":2,"91":2,"92":2,"93":2,"94":2,"95":2,"96":2,"97":1,"98":1,"99":1,"100":1,"101":1,"102":1,"103":1},"branchMap":{"0":{"type":"branch","line":8,"loc":{"start":{"line":8,"column":4},"end":{"line":26,"column":5}},"locations":[{"start":{"line":8,"column":4},"end":{"line":26,"column":5}}]},"1":{"type":"branch","line":14,"loc":{"start":{"line":14,"column":40},"end":{"line":20,"column":18}},"locations":[{"start":{"line":14,"column":40},"end":{"line":20,"column":18}}]},"2":{"type":"branch","line":27,"loc":{"start":{"line":27,"column":4},"end":{"line":56,"column":5}},"locations":[{"start":{"line":27,"column":4},"end":{"line":56,"column":5}}]},"3":{"type":"branch","line":44,"loc":{"start":{"line":44,"column":25},"end":{"line":53,"column":10}},"locations":[{"start":{"line":44,"column":25},"end":{"line":53,"column":10}}]},"4":{"type":"branch","line":57,"loc":{"start":{"line":57,"column":4},"end":{"line":81,"column":5}},"locations":[{"start":{"line":57,"column":4},"end":{"line":81,"column":5}}]},"5":{"type":"branch","line":67,"loc":{"start":{"line":67,"column":10},"end":{"line":69,"column":9}},"locations":[{"start":{"line":67,"column":10},"end":{"line":69,"column":9}}]},"6":{"type":"branch","line":72,"loc":{"start":{"line":72,"column":29},"end":{"line":76,"column":10}},"locations":[{"start":{"line":72,"column":29},"end":{"line":76,"column":10}}]},"7":{"type":"branch","line":82,"loc":{"start":{"line":82,"column":4},"end":{"line":101,"column":5}},"locations":[{"start":{"line":82,"column":4},"end":{"line":101,"column":5}}]},"8":{"type":"branch","line":86,"loc":{"start":{"line":86,"column":24},"end":{"line":98,"column":10}},"locations":[{"start":{"line":86,"column":24},"end":{"line":98,"column":10}}]},"9":{"type":"branch","line":89,"loc":{"start":{"line":89,"column":33},"end":{"line":93,"column":14}},"locations":[{"start":{"line":89,"column":33},"end":{"line":93,"column":14}}]}},"b":{"0":[5],"1":[5],"2":[1],"3":[2],"4":[1],"5":[0],"6":[1],"7":[1],"8":[2],"9":[2]},"fnMap":{"0":{"name":"create","decl":{"start":{"line":8,"column":4},"end":{"line":26,"column":5}},"loc":{"start":{"line":8,"column":4},"end":{"line":26,"column":5}},"line":8},"1":{"name":"update","decl":{"start":{"line":27,"column":4},"end":{"line":56,"column":5}},"loc":{"start":{"line":27,"column":4},"end":{"line":56,"column":5}},"line":27},"2":{"name":"find","decl":{"start":{"line":57,"column":4},"end":{"line":81,"column":5}},"loc":{"start":{"line":57,"column":4},"end":{"line":81,"column":5}},"line":57},"3":{"name":"findAll","decl":{"start":{"line":82,"column":4},"end":{"line":101,"column":5}},"loc":{"start":{"line":82,"column":4},"end":{"line":101,"column":5}},"line":82}},"f":{"0":5,"1":1,"2":1,"3":1}}
,"/home/iza/fullcycle/06-ddd/ddd-factory/src/infrastructure/product/repository/sequelize/product-model.ts": {"path":"/home/iza/fullcycle/06-ddd/ddd-factory/src/infrastructure/product/repository/sequelize/product-model.ts","all":false,"statementMap":{"0":{"start":{"line":1,"column":0},"end":{"line":1,"column":72}},"1":{"start":{"line":2,"column":0},"end":{"line":2,"column":0}},"2":{"start":{"line":3,"column":0},"end":{"line":3,"column":8}},"3":{"start":{"line":4,"column":0},"end":{"line":4,"column":26}},"4":{"start":{"line":5,"column":0},"end":{"line":5,"column":22}},"5":{"start":{"line":6,"column":0},"end":{"line":6,"column":2}},"6":{"start":{"line":7,"column":0},"end":{"line":7,"column":49}},"7":{"start":{"line":8,"column":0},"end":{"line":8,"column":0}},"8":{"start":{"line":9,"column":0},"end":{"line":9,"column":15}},"9":{"start":{"line":10,"column":0},"end":{"line":10,"column":11}},"10":{"start":{"line":11,"column":0},"end":{"line":11,"column":23}},"11":{"start":{"line":12,"column":0},"end":{"line":12,"column":0}},"12":{"start":{"line":13,"column":0},"end":{"line":13,"column":33}},"13":{"start":{"line":14,"column":0},"end":{"line":14,"column":25}},"14":{"start":{"line":15,"column":0},"end":{"line":15,"column":0}},"15":{"start":{"line":16,"column":0},"end":{"line":16,"column":33}},"16":{"start":{"line":17,"column":0},"end":{"line":17,"column":26}},"17":{"start":{"line":18,"column":0},"end":{"line":18,"column":0}},"18":{"start":{"line":19,"column":0},"end":{"line":19,"column":1}}},"s":{"0":1,"1":1,"2":1,"3":1,"4":1,"5":1,"6":1,"7":1,"8":1,"9":1,"10":1,"11":1,"12":1,"13":1,"14":1,"15":1,"16":1,"17":1,"18":1},"branchMap":{},"b":{},"fnMap":{},"f":{}}
,"/home/iza/fullcycle/06-ddd/ddd-factory/src/infrastructure/product/repository/sequelize/product-repository.ts": {"path":"/home/iza/fullcycle/06-ddd/ddd-factory/src/infrastructure/product/repository/sequelize/product-repository.ts","all":false,"statementMap":{"0":{"start":{"line":1,"column":0},"end":{"line":1,"column":64}},"1":{"start":{"line":2,"column":0},"end":{"line":2,"column":108}},"2":{"start":{"line":3,"column":0},"end":{"line":3,"column":43}},"3":{"start":{"line":4,"column":0},"end":{"line":4,"column":0}},"4":{"start":{"line":5,"column":0},"end":{"line":5,"column":78}},"5":{"start":{"line":6,"column":0},"end":{"line":6,"column":50}},"6":{"start":{"line":7,"column":0},"end":{"line":7,"column":35}},"7":{"start":{"line":8,"column":0},"end":{"line":8,"column":26}},"8":{"start":{"line":9,"column":0},"end":{"line":9,"column":30}},"9":{"start":{"line":10,"column":0},"end":{"line":10,"column":32}},"10":{"start":{"line":11,"column":0},"end":{"line":11,"column":11}},"11":{"start":{"line":12,"column":0},"end":{"line":12,"column":5}},"12":{"start":{"line":13,"column":0},"end":{"line":13,"column":0}},"13":{"start":{"line":14,"column":0},"end":{"line":14,"column":50}},"14":{"start":{"line":15,"column":0},"end":{"line":15,"column":34}},"15":{"start":{"line":16,"column":0},"end":{"line":16,"column":13}},"16":{"start":{"line":17,"column":0},"end":{"line":17,"column":34}},"17":{"start":{"line":18,"column":0},"end":{"line":18,"column":36}},"18":{"start":{"line":19,"column":0},"end":{"line":19,"column":14}},"19":{"start":{"line":20,"column":0},"end":{"line":20,"column":13}},"20":{"start":{"line":21,"column":0},"end":{"line":21,"column":24}},"21":{"start":{"line":22,"column":0},"end":{"line":22,"column":34}},"22":{"start":{"line":23,"column":0},"end":{"line":23,"column":18}},"23":{"start":{"line":24,"column":0},"end":{"line":24,"column":13}},"24":{"start":{"line":25,"column":0},"end":{"line":25,"column":10}},"25":{"start":{"line":26,"column":0},"end":{"line":26,"column":5}},"26":{"start":{"line":27,"column":0},"end":{"line":27,"column":0}},"27":{"start":{"line":28,"column":0},"end":{"line":28,"column":46}},"28":{"start":{"line":29,"column":0},"end":{"line":29,"column":75}},"29":{"start":{"line":30,"column":0},"end":{"line":30,"column":83}},"30":{"start":{"line":31,"column":0},"end":{"line":31,"column":5}},"31":{"start":{"line":32,"column":0},"end":{"line":32,"column":0}},"32":{"start":{"line":33,"column":0},"end":{"line":33,"column":41}},"33":{"start":{"line":34,"column":0},"end":{"line":34,"column":59}},"34":{"start":{"line":35,"column":0},"end":{"line":35,"column":50}},"35":{"start":{"line":36,"column":0},"end":{"line":36,"column":79}},"36":{"start":{"line":37,"column":0},"end":{"line":37,"column":10}},"37":{"start":{"line":38,"column":0},"end":{"line":38,"column":5}},"38":{"start":{"line":39,"column":0},"end":{"line":39,"column":0}},"39":{"start":{"line":40,"column":0},"end":{"line":40,"column":1}}},"s":{"0":1,"1":1,"2":1,"3":1,"4":1,"5":1,"6":11,"7":11,"8":11,"9":11,"10":11,"11":11,"12":1,"13":1,"14":1,"15":1,"16":1,"17":1,"18":1,"19":1,"20":1,"21":1,"22":1,"23":1,"24":1,"25":1,"26":1,"27":1,"28":1,"29":1,"30":1,"31":1,"32":1,"33":1,"34":1,"35":2,"36":1,"37":1,"38":1,"39":1},"branchMap":{"0":{"type":"branch","line":6,"loc":{"start":{"line":6,"column":4},"end":{"line":12,"column":5}},"locations":[{"start":{"line":6,"column":4},"end":{"line":12,"column":5}}]},"1":{"type":"branch","line":14,"loc":{"start":{"line":14,"column":4},"end":{"line":26,"column":5}},"locations":[{"start":{"line":14,"column":4},"end":{"line":26,"column":5}}]},"2":{"type":"branch","line":28,"loc":{"start":{"line":28,"column":4},"end":{"line":31,"column":5}},"locations":[{"start":{"line":28,"column":4},"end":{"line":31,"column":5}}]},"3":{"type":"branch","line":33,"loc":{"start":{"line":33,"column":4},"end":{"line":38,"column":5}},"locations":[{"start":{"line":33,"column":4},"end":{"line":38,"column":5}}]},"4":{"type":"branch","line":35,"loc":{"start":{"line":35,"column":33},"end":{"line":36,"column":79}},"locations":[{"start":{"line":35,"column":33},"end":{"line":36,"column":79}}]}},"b":{"0":[11],"1":[1],"2":[1],"3":[1],"4":[2]},"fnMap":{"0":{"name":"create","decl":{"start":{"line":6,"column":4},"end":{"line":12,"column":5}},"loc":{"start":{"line":6,"column":4},"end":{"line":12,"column":5}},"line":6},"1":{"name":"update","decl":{"start":{"line":14,"column":4},"end":{"line":26,"column":5}},"loc":{"start":{"line":14,"column":4},"end":{"line":26,"column":5}},"line":14},"2":{"name":"find","decl":{"start":{"line":28,"column":4},"end":{"line":31,"column":5}},"loc":{"start":{"line":28,"column":4},"end":{"line":31,"column":5}},"line":28},"3":{"name":"findAll","decl":{"start":{"line":33,"column":4},"end":{"line":38,"column":5}},"loc":{"start":{"line":33,"column":4},"end":{"line":38,"column":5}},"line":33}},"f":{"0":11,"1":1,"2":1,"3":1}}
}
