TN:
SF:src/domain/@shared/event/event-dispatcher.ts
FN:8,<instance_members_initializer>
FN:10,get getEventHandlers
FN:14,register
FN:24,unregister
FN:33,unregisterAll
FN:37,notify
FNF:6
FNH:6
FNDA:13,<instance_members_initializer>
FNDA:40,get getEventHandlers
FNDA:18,register
FNDA:4,unregister
FNDA:3,unregisterAll
FNDA:3,notify
DA:1,1
DA:2,1
DA:3,1
DA:4,1
DA:5,1
DA:6,1
DA:7,1
DA:8,1
DA:9,1
DA:10,1
DA:11,40
DA:12,40
DA:13,1
DA:14,1
DA:15,18
DA:16,18
DA:17,13
DA:18,13
DA:19,18
DA:20,18
DA:21,18
DA:22,18
DA:23,1
DA:24,1
DA:25,4
DA:26,4
DA:27,4
DA:28,4
DA:29,4
DA:30,4
DA:31,4
DA:32,1
DA:33,1
DA:34,3
DA:35,3
DA:36,1
DA:37,1
DA:38,3
DA:39,3
DA:40,3
DA:41,3
DA:42,3
DA:43,3
DA:44,3
DA:45,4
DA:46,3
DA:47,3
DA:48,3
DA:49,1
DA:50,1
LF:50
LH:50
BRDA:8,0,0,13
BRDA:10,1,0,40
BRDA:14,2,0,18
BRDA:16,3,0,13
BRDA:24,4,0,4
BRDA:33,5,0,3
BRDA:37,6,0,3
BRDA:44,7,0,4
BRF:8
BRH:8
end_of_record
TN:
SF:src/domain/checkout/entity/order-item.ts
FN:10,OrderItem
FN:18,get price
FN:22,get quantity
FN:26,get id
FN:30,get name
FN:34,get productId
FNF:6
FNH:6
FNDA:20,OrderItem
FNDA:27,get price
FNDA:30,get quantity
FNDA:10,get id
FNDA:10,get name
FNDA:9,get productId
DA:1,1
DA:2,1
DA:3,1
DA:4,1
DA:5,1
DA:6,1
DA:7,1
DA:8,1
DA:9,1
DA:10,1
DA:11,20
DA:12,20
DA:13,20
DA:14,20
DA:15,20
DA:16,20
DA:17,1
DA:18,1
DA:19,27
DA:20,27
DA:21,1
DA:22,1
DA:23,30
DA:24,30
DA:25,1
DA:26,1
DA:27,10
DA:28,10
DA:29,1
DA:30,1
DA:31,10
DA:32,10
DA:33,1
DA:34,1
DA:35,9
DA:36,9
DA:37,1
LF:37
LH:37
BRDA:10,0,0,20
BRDA:18,1,0,27
BRDA:22,2,0,30
BRDA:26,3,0,10
BRDA:30,4,0,10
BRDA:34,5,0,9
BRF:6
BRH:6
end_of_record
TN:
SF:src/domain/checkout/entity/order.ts
FN:9,Order
FN:16,validate
FN:33,total
FN:37,get id
FN:41,get customerId
FN:45,get items
FN:49,changeItems
FNF:7
FNH:7
FNDA:17,Order
FNDA:18,validate
FNDA:13,total
FNDA:15,get id
FNDA:7,get customerId
FNDA:7,get items
FNDA:1,changeItems
DA:1,1
DA:2,1
DA:3,1
DA:4,1
DA:5,1
DA:6,1
DA:7,1
DA:8,1
DA:9,1
DA:10,17
DA:11,17
DA:12,17
DA:13,17
DA:14,17
DA:15,1
DA:16,1
DA:17,18
DA:18,1
DA:19,1
DA:20,18
DA:21,1
DA:22,1
DA:23,18
DA:24,1
DA:25,1
DA:26,15
DA:27,18
DA:28,1
DA:29,1
DA:30,18
DA:31,18
DA:32,1
DA:33,1
DA:34,13
DA:35,13
DA:36,1
DA:37,1
DA:38,15
DA:39,15
DA:40,1
DA:41,1
DA:42,7
DA:43,7
DA:44,1
DA:45,1
DA:46,7
DA:47,7
DA:48,1
DA:49,1
DA:50,1
DA:51,1
DA:52,1
DA:53,1
DA:54,1
LF:54
LH:54
BRDA:9,0,0,17
BRDA:16,1,0,18
BRDA:17,2,0,1
BRDA:20,3,0,1
BRDA:23,4,0,1
BRDA:26,5,0,15
BRDA:27,6,0,1
BRDA:27,7,0,20
BRDA:33,8,0,13
BRDA:34,9,0,17
BRDA:37,10,0,15
BRDA:41,11,0,7
BRDA:45,12,0,7
BRDA:49,13,0,1
BRF:14
BRH:14
end_of_record
TN:
SF:src/domain/checkout/factory/order.factory.ts
FN:6,create
FNF:1
FNH:1
FNDA:1,create
DA:1,1
DA:2,1
DA:3,1
DA:4,1
DA:5,1
DA:6,1
DA:7,1
DA:8,1
DA:9,1
DA:10,1
DA:11,1
DA:12,1
DA:13,1
DA:14,1
DA:15,1
DA:16,1
DA:17,1
DA:18,1
LF:18
LH:18
BRDA:6,0,0,1
BRDA:7,1,0,1
BRF:2
BRH:2
end_of_record
TN:
SF:src/domain/checkout/service/order-service.ts
FN:7,placeOrder
FN:15,total
FNF:2
FNH:2
FNDA:1,placeOrder
FNDA:1,total
DA:1,1
DA:2,1
DA:3,1
DA:4,1
DA:5,1
DA:6,1
DA:7,1
DA:8,1
DA:9,0
DA:10,0
DA:11,1
DA:12,1
DA:13,1
DA:14,1
DA:15,1
DA:16,1
DA:17,1
DA:18,1
DA:19,1
LF:19
LH:17
BRDA:7,0,0,1
BRDA:8,1,0,0
BRDA:15,2,0,1
BRDA:16,3,0,2
BRF:4
BRH:3
end_of_record
TN:
SF:src/domain/customer/entity/customer.ts
FN:9,<instance_members_initializer>
FN:12,Customer
FN:18,validate
FN:24,changeName
FN:29,activate
FN:36,deactivate
FN:40,set address
FN:44,get address
FN:48,get id
FN:52,get name
FN:56,isActive
FN:60,addRewardPoints
FN:64,get rewardPoints
FN:68,changeAddress
FNF:14
FNH:14
FNDA:23,<instance_members_initializer>
FNDA:23,Customer
FNDA:25,validate
FNDA:2,changeName
FNDA:6,activate
FNDA:1,deactivate
FNDA:16,set address
FNDA:48,get address
FNDA:18,get id
FNDA:17,get name
FNDA:16,isActive
FNDA:9,addRewardPoints
FNDA:17,get rewardPoints
FNDA:2,changeAddress
DA:1,1
DA:2,1
DA:3,1
DA:4,1
DA:5,1
DA:6,1
DA:7,1
DA:8,1
DA:9,1
DA:10,1
DA:11,1
DA:12,1
DA:13,23
DA:14,23
DA:15,23
DA:16,23
DA:17,1
DA:18,1
DA:19,25
DA:20,1
DA:21,1
DA:22,25
DA:23,1
DA:24,1
DA:25,2
DA:26,2
DA:27,2
DA:28,1
DA:29,1
DA:30,6
DA:31,1
DA:32,1
DA:33,6
DA:34,6
DA:35,1
DA:36,1
DA:37,1
DA:38,1
DA:39,1
DA:40,1
DA:41,16
DA:42,16
DA:43,1
DA:44,1
DA:45,48
DA:46,48
DA:47,1
DA:48,1
DA:49,18
DA:50,18
DA:51,1
DA:52,1
DA:53,17
DA:54,17
DA:55,1
DA:56,1
DA:57,16
DA:58,16
DA:59,1
DA:60,1
DA:61,9
DA:62,9
DA:63,1
DA:64,1
DA:65,17
DA:66,17
DA:67,1
DA:68,1
DA:69,2
DA:70,2
DA:71,1
DA:72,1
LF:72
LH:72
BRDA:9,0,0,23
BRDA:12,1,0,23
BRDA:18,2,0,25
BRDA:19,3,0,1
BRDA:24,4,0,2
BRDA:29,5,0,6
BRDA:30,6,0,1
BRDA:36,7,0,1
BRDA:40,8,0,16
BRDA:44,9,0,48
BRDA:48,10,0,18
BRDA:52,11,0,17
BRDA:56,12,0,16
BRDA:60,13,0,9
BRDA:64,14,0,17
BRDA:68,15,0,2
BRF:16
BRH:16
end_of_record
TN:
SF:src/domain/customer/event/change-address/customer-change-address.event.ts
FN:8,CustomerAddressEvent
FNF:1
FNH:1
FNDA:1,CustomerAddressEvent
DA:1,1
DA:2,1
DA:3,1
DA:4,1
DA:5,1
DA:6,1
DA:7,1
DA:8,1
DA:9,1
DA:10,1
DA:11,1
DA:12,1
DA:13,1
LF:13
LH:13
BRDA:8,0,0,1
BRF:1
BRH:1
end_of_record
TN:
SF:src/domain/customer/event/change-address/handler/envia-console-log.handler.ts
FN:6,handle
FNF:1
FNH:1
FNDA:1,handle
DA:1,1
DA:2,1
DA:3,1
DA:4,1
DA:5,1
DA:6,1
DA:7,1
DA:8,1
DA:9,1
LF:9
LH:9
BRDA:6,0,0,1
BRF:1
BRH:1
end_of_record
TN:
SF:src/domain/customer/event/created/customer-created.event.ts
FN:8,CustomerCreatedEvent
FNF:1
FNH:1
FNDA:1,CustomerCreatedEvent
DA:1,1
DA:2,1
DA:3,1
DA:4,1
DA:5,1
DA:6,1
DA:7,1
DA:8,1
DA:9,1
DA:10,1
DA:11,1
DA:12,1
DA:13,1
LF:13
LH:13
BRDA:8,0,0,1
BRF:1
BRH:1
end_of_record
TN:
SF:src/domain/customer/event/created/handler/envia-console-log01.handler.ts
FN:5,handle
FNF:1
FNH:1
FNDA:1,handle
DA:1,1
DA:2,1
DA:3,1
DA:4,1
DA:5,1
DA:6,1
DA:7,1
DA:8,1
LF:8
LH:8
BRDA:5,0,0,1
BRF:1
BRH:1
end_of_record
TN:
SF:src/domain/customer/event/created/handler/envia-console-log02.handler.ts
FN:5,handle
FNF:1
FNH:1
FNDA:1,handle
DA:1,1
DA:2,1
DA:3,1
DA:4,1
DA:5,1
DA:6,1
DA:7,1
DA:8,1
LF:8
LH:8
BRDA:5,0,0,1
BRF:1
BRH:1
end_of_record
TN:
SF:src/domain/customer/factory/customer.factory.ts
FN:7,createWithAddress
FN:13,create
FNF:2
FNH:2
FNDA:1,createWithAddress
FNDA:1,create
DA:1,1
DA:2,1
DA:3,1
DA:4,1
DA:5,1
DA:6,1
DA:7,1
DA:8,1
DA:9,1
DA:10,1
DA:11,1
DA:12,1
DA:13,1
DA:14,1
DA:15,1
DA:16,1
DA:17,1
LF:17
LH:17
BRDA:7,0,0,1
BRDA:13,1,0,1
BRF:2
BRH:2
end_of_record
TN:
SF:src/domain/customer/value-object/address.ts
FN:3,<instance_members_initializer>
FN:8,Address
FN:17,validate
FN:32,get street
FN:36,get number
FN:40,get zip
FN:44,get city
FN:48,toString
FNF:8
FNH:8
FNDA:18,<instance_members_initializer>
FNDA:18,Address
FNDA:18,validate
FNDA:13,get street
FNDA:13,get number
FNDA:13,get zip
FNDA:13,get city
FNDA:1,toString
DA:1,1
DA:2,1
DA:3,1
DA:4,18
DA:5,18
DA:6,1
DA:7,1
DA:8,1
DA:9,18
DA:10,18
DA:11,18
DA:12,18
DA:13,18
DA:14,18
DA:15,18
DA:16,1
DA:17,1
DA:18,18
DA:19,0
DA:20,0
DA:21,18
DA:22,0
DA:23,0
DA:24,18
DA:25,0
DA:26,0
DA:27,18
DA:28,0
DA:29,0
DA:30,18
DA:31,1
DA:32,1
DA:33,13
DA:34,13
DA:35,1
DA:36,1
DA:37,13
DA:38,13
DA:39,1
DA:40,1
DA:41,13
DA:42,13
DA:43,1
DA:44,1
DA:45,13
DA:46,13
DA:47,1
DA:48,1
DA:49,1
DA:50,1
DA:51,1
DA:52,1
LF:52
LH:44
BRDA:3,0,0,18
BRDA:8,1,0,18
BRDA:17,2,0,18
BRDA:18,3,0,0
BRDA:21,4,0,0
BRDA:24,5,0,0
BRDA:27,6,0,0
BRDA:32,7,0,13
BRDA:36,8,0,13
BRDA:40,9,0,13
BRDA:44,10,0,13
BRDA:48,11,0,1
BRF:12
BRH:8
end_of_record
TN:
SF:src/domain/product/entity/product-b.ts
FN:9,ProductB
FN:17,validate
FN:30,get id
FN:34,get name
FN:38,get price
FN:42,changeName
FN:47,changePrice
FNF:7
FNH:5
FNDA:1,ProductB
FNDA:1,validate
FNDA:1,get id
FNDA:1,get name
FNDA:1,get price
FNDA:0,changeName
FNDA:0,changePrice
DA:1,1
DA:2,1
DA:3,1
DA:4,1
DA:5,1
DA:6,1
DA:7,1
DA:8,1
DA:9,1
DA:10,1
DA:11,1
DA:12,1
DA:13,1
DA:14,1
DA:15,1
DA:16,1
DA:17,1
DA:18,1
DA:19,1
DA:20,0
DA:21,0
DA:22,1
DA:23,0
DA:24,0
DA:25,1
DA:26,0
DA:27,0
DA:28,1
DA:29,1
DA:30,1
DA:31,1
DA:32,1
DA:33,1
DA:34,1
DA:35,1
DA:36,1
DA:37,1
DA:38,1
DA:39,1
DA:40,1
DA:41,1
DA:42,1
DA:43,0
DA:44,0
DA:45,0
DA:46,1
DA:47,1
DA:48,0
DA:49,0
DA:50,0
DA:51,1
DA:52,1
LF:52
LH:40
BRDA:9,0,0,1
BRDA:17,1,0,1
BRDA:19,2,0,0
BRDA:22,3,0,0
BRDA:25,4,0,0
BRDA:30,5,0,1
BRDA:34,6,0,1
BRDA:38,7,0,1
BRF:8
BRH:5
end_of_record
TN:
SF:src/domain/product/entity/product.ts
FN:9,Product
FN:17,validate
FN:30,get id
FN:34,get name
FN:38,get price
FN:42,changeName
FN:47,changePrice
FNF:7
FNH:7
FNDA:23,Product
FNDA:29,validate
FNDA:20,get id
FNDA:21,get name
FNDA:27,get price
FNDA:2,changeName
FNDA:4,changePrice
DA:1,1
DA:2,1
DA:3,1
DA:4,1
DA:5,1
DA:6,1
DA:7,1
DA:8,1
DA:9,1
DA:10,23
DA:11,23
DA:12,23
DA:13,23
DA:14,23
DA:15,1
DA:16,1
DA:17,1
DA:18,29
DA:19,29
DA:20,1
DA:21,1
DA:22,29
DA:23,1
DA:24,1
DA:25,29
DA:26,2
DA:27,2
DA:28,29
DA:29,1
DA:30,1
DA:31,20
DA:32,20
DA:33,1
DA:34,1
DA:35,21
DA:36,21
DA:37,1
DA:38,1
DA:39,27
DA:40,27
DA:41,1
DA:42,1
DA:43,2
DA:44,2
DA:45,2
DA:46,1
DA:47,1
DA:48,4
DA:49,4
DA:50,4
DA:51,1
DA:52,1
LF:52
LH:52
BRDA:9,0,0,23
BRDA:17,1,0,29
BRDA:19,2,0,1
BRDA:22,3,0,1
BRDA:25,4,0,27
BRDA:25,5,0,2
BRDA:30,6,0,20
BRDA:34,7,0,21
BRDA:38,8,0,27
BRDA:42,9,0,2
BRDA:47,10,0,4
BRF:11
BRH:11
end_of_record
TN:
SF:src/domain/product/event/product-created.event.ts
FN:8,ProductCreatedEvent
FNF:1
FNH:1
FNDA:1,ProductCreatedEvent
DA:1,1
DA:2,1
DA:3,1
DA:4,1
DA:5,1
DA:6,1
DA:7,1
DA:8,1
DA:9,1
DA:10,1
DA:11,1
DA:12,1
DA:13,1
LF:13
LH:13
BRDA:8,0,0,1
BRF:1
BRH:1
end_of_record
TN:
SF:src/domain/product/event/handler/send-email-product-created.handler.ts
FN:5,handle
FNF:1
FNH:1
FNDA:1,handle
DA:1,1
DA:2,1
DA:3,1
DA:4,1
DA:5,1
DA:6,1
DA:7,1
DA:8,1
LF:8
LH:8
BRDA:5,0,0,1
BRF:1
BRH:1
end_of_record
TN:
SF:src/domain/product/factory/product.factory.ts
FN:7,create
FNF:1
FNH:1
FNDA:3,create
DA:1,1
DA:2,1
DA:3,1
DA:4,1
DA:5,1
DA:6,1
DA:7,1
DA:8,3
DA:9,3
DA:10,3
DA:11,3
DA:12,1
DA:13,3
DA:14,1
DA:15,3
DA:16,1
DA:17,3
DA:18,3
DA:19,3
DA:20,3
DA:21,1
LF:21
LH:21
BRDA:7,0,0,3
BRDA:11,1,0,1
BRDA:13,2,0,1
BRDA:15,3,0,1
BRF:4
BRH:4
end_of_record
TN:
SF:src/domain/product/service/product-service.ts
FN:4,increasePrice
FNF:1
FNH:1
FNDA:1,increasePrice
DA:1,1
DA:2,1
DA:3,1
DA:4,1
DA:5,1
DA:6,2
DA:7,1
DA:8,1
DA:9,1
DA:10,1
DA:11,1
LF:11
LH:11
BRDA:4,0,0,1
BRDA:5,1,0,2
BRF:2
BRH:2
end_of_record
TN:
SF:src/infrastructure/customer/repository/sequelize/customer-model.ts
FNF:0
FNH:0
DA:1,1
DA:2,1
DA:3,1
DA:4,1
DA:5,1
DA:6,1
DA:7,1
DA:8,1
DA:9,1
DA:10,1
DA:11,1
DA:12,1
DA:13,1
DA:14,1
DA:15,1
DA:16,1
DA:17,1
DA:18,1
DA:19,1
DA:20,1
DA:21,1
DA:22,1
DA:23,1
DA:24,1
DA:25,1
DA:26,1
DA:27,1
DA:28,1
DA:29,1
DA:30,1
DA:31,1
DA:32,1
DA:33,1
DA:34,1
DA:35,1
DA:36,1
DA:37,1
LF:37
LH:37
BRF:0
BRH:0
end_of_record
TN:
SF:src/infrastructure/customer/repository/sequelize/customer-repository.ts
FN:7,create
FN:20,update
FN:38,find
FN:62,findAll
FNF:4
FNH:4
FNDA:10,create
FNDA:1,update
FNDA:2,find
FNDA:1,findAll
DA:1,1
DA:2,1
DA:3,1
DA:4,1
DA:5,1
DA:6,1
DA:7,1
DA:8,10
DA:9,10
DA:10,10
DA:11,10
DA:12,10
DA:13,10
DA:14,10
DA:15,10
DA:16,10
DA:17,10
DA:18,10
DA:19,10
DA:20,1
DA:21,1
DA:22,1
DA:23,1
DA:24,1
DA:25,1
DA:26,1
DA:27,1
DA:28,1
DA:29,1
DA:30,1
DA:31,1
DA:32,1
DA:33,1
DA:34,1
DA:35,1
DA:36,1
DA:37,1
DA:38,1
DA:39,2
DA:40,2
DA:41,2
DA:42,2
DA:43,2
DA:44,2
DA:45,2
DA:46,2
DA:47,2
DA:48,2
DA:49,2
DA:50,2
DA:51,2
DA:52,2
DA:53,2
DA:54,2
DA:55,2
DA:56,2
DA:57,2
DA:58,2
DA:59,2
DA:60,2
DA:61,1
DA:62,1
DA:63,1
DA:64,1
DA:65,1
DA:66,2
DA:67,2
DA:68,2
DA:69,2
DA:70,2
DA:71,2
DA:72,2
DA:73,2
DA:74,2
DA:75,2
DA:76,1
DA:77,1
DA:78,2
DA:79,2
DA:80,1
DA:81,1
DA:82,1
DA:83,1
LF:83
LH:83
BRDA:7,0,0,10
BRDA:20,1,0,1
BRDA:38,2,0,2
BRDA:62,3,0,1
BRDA:65,4,0,2
BRDA:75,5,0,1
BRF:6
BRH:6
end_of_record
TN:
SF:src/infrastructure/order/repository/sequelize/order-item-model.ts
FNF:0
FNH:0
DA:1,1
DA:2,1
DA:3,1
DA:4,1
DA:5,1
DA:6,1
DA:7,1
DA:8,1
DA:9,1
DA:10,1
DA:11,1
DA:12,1
DA:13,1
DA:14,1
DA:15,1
DA:16,1
DA:17,1
DA:18,1
DA:19,1
DA:20,1
DA:21,1
DA:22,1
DA:23,1
DA:24,1
DA:25,1
DA:26,1
DA:27,1
DA:28,1
DA:29,1
DA:30,1
DA:31,1
DA:32,1
DA:33,1
DA:34,1
DA:35,1
DA:36,1
DA:37,1
LF:37
LH:37
BRDA:19,0,0,0
BRDA:26,1,0,0
BRDA:14,2,0,20
BRDA:18,3,0,8
BRDA:21,4,0,8
BRDA:25,5,0,8
BRF:6
BRH:4
end_of_record
TN:
SF:src/infrastructure/order/repository/sequelize/order-model.ts
FNF:0
FNH:0
DA:1,1
DA:2,1
DA:3,1
DA:4,1
DA:5,1
DA:6,1
DA:7,1
DA:8,1
DA:9,1
DA:10,1
DA:11,1
DA:12,1
DA:13,1
DA:14,1
DA:15,1
DA:16,1
DA:17,1
DA:18,1
DA:19,1
DA:20,1
DA:21,1
DA:22,1
DA:23,1
DA:24,1
DA:25,1
DA:26,1
DA:27,1
DA:28,1
DA:29,1
DA:30,1
DA:31,1
DA:32,1
DA:33,1
DA:34,1
DA:35,1
DA:36,1
LF:36
LH:36
BRDA:27,0,0,0
BRDA:22,1,0,4
BRDA:26,2,0,13
BRDA:29,3,0,13
BRF:4
BRH:3
end_of_record
TN:
SF:src/infrastructure/order/repository/sequelize/order-repository.ts
FN:8,create
FN:27,update
FN:57,find
FN:82,findAll
FNF:4
FNH:4
FNDA:5,create
FNDA:1,update
FNDA:1,find
FNDA:1,findAll
DA:1,1
DA:2,1
DA:3,1
DA:4,1
DA:5,1
DA:6,1
DA:7,1
DA:8,1
DA:9,5
DA:10,5
DA:11,5
DA:12,5
DA:13,5
DA:14,5
DA:15,5
DA:16,5
DA:17,5
DA:18,5
DA:19,5
DA:20,5
DA:21,5
DA:22,5
DA:23,5
DA:24,5
DA:25,5
DA:26,5
DA:27,1
DA:28,1
DA:29,1
DA:30,1
DA:31,1
DA:32,1
DA:33,1
DA:34,1
DA:35,1
DA:36,1
DA:37,1
DA:38,1
DA:39,1
DA:40,1
DA:41,1
DA:42,1
DA:43,1
DA:44,1
DA:45,2
DA:46,2
DA:47,2
DA:48,2
DA:49,2
DA:50,2
DA:51,2
DA:52,2
DA:53,1
DA:54,1
DA:55,1
DA:56,1
DA:57,1
DA:58,1
DA:59,1
DA:60,1
DA:61,1
DA:62,1
DA:63,1
DA:64,1
DA:65,1
DA:66,1
DA:67,1
DA:68,0
DA:69,0
DA:70,1
DA:71,1
DA:72,1
DA:73,1
DA:74,1
DA:75,1
DA:76,1
DA:77,1
DA:78,1
DA:79,1
DA:80,1
DA:81,1
DA:82,1
DA:83,1
DA:84,1
DA:85,1
DA:86,1
DA:87,2
DA:88,2
DA:89,2
DA:90,2
DA:91,2
DA:92,2
DA:93,2
DA:94,2
DA:95,2
DA:96,2
DA:97,2
DA:98,1
DA:99,1
DA:100,1
DA:101,1
DA:102,1
DA:103,1
DA:104,1
LF:104
LH:102
BRDA:8,0,0,5
BRDA:14,1,0,5
BRDA:27,2,0,1
BRDA:44,3,0,2
BRDA:57,4,0,1
BRDA:67,5,0,0
BRDA:72,6,0,1
BRDA:82,7,0,1
BRDA:86,8,0,2
BRDA:89,9,0,2
BRF:10
BRH:9
end_of_record
TN:
SF:src/infrastructure/product/repository/sequelize/product-model.ts
FNF:0
FNH:0
DA:1,1
DA:2,1
DA:3,1
DA:4,1
DA:5,1
DA:6,1
DA:7,1
DA:8,1
DA:9,1
DA:10,1
DA:11,1
DA:12,1
DA:13,1
DA:14,1
DA:15,1
DA:16,1
DA:17,1
DA:18,1
DA:19,1
LF:19
LH:19
BRF:0
BRH:0
end_of_record
TN:
SF:src/infrastructure/product/repository/sequelize/product-repository.ts
FN:6,create
FN:14,update
FN:28,find
FN:33,findAll
FNF:4
FNH:4
FNDA:11,create
FNDA:1,update
FNDA:1,find
FNDA:1,findAll
DA:1,1
DA:2,1
DA:3,1
DA:4,1
DA:5,1
DA:6,1
DA:7,11
DA:8,11
DA:9,11
DA:10,11
DA:11,11
DA:12,11
DA:13,1
DA:14,1
DA:15,1
DA:16,1
DA:17,1
DA:18,1
DA:19,1
DA:20,1
DA:21,1
DA:22,1
DA:23,1
DA:24,1
DA:25,1
DA:26,1
DA:27,1
DA:28,1
DA:29,1
DA:30,1
DA:31,1
DA:32,1
DA:33,1
DA:34,1
DA:35,1
DA:36,2
DA:37,1
DA:38,1
DA:39,1
DA:40,1
LF:40
LH:40
BRDA:6,0,0,11
BRDA:14,1,0,1
BRDA:28,2,0,1
BRDA:33,3,0,1
BRDA:35,4,0,2
BRF:5
BRH:5
end_of_record
